69,56 69,55 69,54 70,53 71,52 71,51 70,50 69,49 69,48 69,47 70,46 70,45 69,44 69,43 69,42 69,41 69,40 68,39
171,7 172,8 172,9 172,10 172,11 172,12 173,13 172,14 172,15 172,16 171,17 170,18 170,19 170,20 170,21 170,22 170,23 169,24 169,25 170,26 169,27 169,28 168,29 167,30 166,31 165,30 164,29
223,129 222,129 221,129 220,129 219,130 218,130 217,131 216,131 215,131 214,132 213,133 212,133 211,133 210,133 209,133 208,134 207,135 206,136 205,137 204,138 203,139 202,140 201,141 200,142 199,143 198,144 197,145
213,241 214,241 215,241 216,241 217,241 218,240 219,239 220,238 221,238 222,239 222,240 221,241 220,242 220,243 219,244
199,129 200,128 201,127 202,126 203,126 204,126 205,126 206,125 207,124 208,125 209,126 210,127 211,128 212,129 213,130 214,130 215,130 216,130 217,130 218,131 219,132 220,133 221,133 222,134 223,135 224,135 225,135 226,135 227,136
164,103 164,102 164,101 164,100 163,99 164,98 165,97 165,96 166,95 167,94 166,93 165,92 164,91 163,90 162,89 162,88 161,87 161,86 161,85 161,84 161,83 161,82 161,81 161,80 162,79
125,24 126,25 127,26 127,27 128,28 127,29 126,30 126,31 127,32 126,33 127,34 128,34 129,33 130,33 131,33 132,33
63,125 63,126 63,127 62,128
26,213 25,213 24,213 23,212 22,212 21,212 20,212 19,212 18,213 18,214 18,215 18,216 19,217 20,218 21,219 22,220 23,221 24,222 25,223 26,224
121,0 122,1 123,2 124,3 125,4 126,5 127,6 128,7 129,8 130,9 131,10 132,11 132,12 131,13 130,14 130,15 131,16 132,17 133,17 134,18 135,19 136,20 137,21 138,22 139,23 140,24 141,25 142,24 143,23
66,107 66,108 65,109 64,110 63,111 62,112 61,113 60,114 59,115 58,116 57,117 56,118 55,118 54,118 53,118 52,119 52,120 51,121 50,122 49,123 50,124 49,125 48,126 47,127 46,128
25,15 26,16 26,17 26,18 26,19 26,20 27,21 26,22 25,23 24,24 24,25 24,26 24,27 24,28 23,29 22,30 21,31
2,209 1,209 0,208 0,207 0,206 0,205 0,204 0,203 0,202 1,201 1,200 1,199 0,198 0,197 0,196 0,195 0,194 0,193 1,192 1,191 1,190 1,189 1,188 1,187 0,186 1,185
245,139 244,138 243,137 243,136 243,135 244,134 245,133 245,132 246,131 247,130 248,129 248,128 247,127 246,126 245,125 244,124 243,123 242,122 241,121 240,120 239,119 238,118 237,117 236,116
122,164 122,163 122,162 122,161 123,160 123,159 124,158 124,157 124,156 125,155 126,154 126,153 126,152 126,151 126,150 126,149 126,148 126,147 125,146 124,145 123,144 122,143 121,142 120,141
169,54 168,55 167,56 166,56 165,57 164,58 163,59 162,60 161,61 160,62 159,63 158,64 157,63 156,62
199,147 198,146 197,145 196,144 195,143 194,142 193,141 192,141 191,140 190,139 189,139 188,138 187,138 186,138 185,138 184,138 183,138 182,138 181,137 181,136 181,135 181,134 181,133 181,132 181,131 181,130 181,129 181,128 182,127 183,126
176,60 177,61 178,62 179,63 180,64 181,65 182,66 183,66 184,67 185,67 186,67 187,68 188,68
58,167 59,167 60,166 61,167 62,168
85,41 86,42 86,43 85,44 86,45 86,46 85,47 84,48 84,49 84,50 84,51 84,52 85,53
9,103 9,102 8,101 9,100 9,99 10,98 11,97 12,96 12,95 13,94 14,93 14,92 14,91 14,90 14,89 14,88 14,87 15,86 14,85 15,84 16,83 17,82 18,81 19,80 20,79 21,78 22,77 22,76 22,75 23,74
83,26 84,26 85,26 86,25 87,24 88,24 89,23 90,22 91,21 92,20 93,20 94,20 95,20 96,20 97,20 98,20 99,21
224,202 225,203 226,204 227,205 228,206 229,207 230,206 231,206 232,206 233,206 234,207 234,208 234,209 234,210 234,211 234,212 234,213 235,214 236,215 237,216 238,217 239,218 240,219 241,220 242,221 243,222 244,223 245,224 245,225 244,226 243,227
25,38 26,37 27,36 27,35 27,34 27,33 27,32 27,31 27,30 28,29 29,28 30,27 31,26 32,25 33,24 33,23 34,22 34,21 34,20 33,19 32,18 31,17 30,16
153,7 152,7 151,6 150,5 149,5 148,6 147,6 146,7 145,8 144,9 143,10 142,11 141,12 140,13 139,14 138,14 137,14 136,15 135,16
32,249 31,248 30,247 29,246 28,246 27,246 26,245 25,244 24,244 23,244 22,243 21,242 20,242 19,242 18,242 17,243 16,244 15,244 14,244 13,244 12,243 11,243 10,243 9,243 8,243 7,243 6,243 5,244 4,245 3,246
22,83 23,84 24,84 25,85 26,86 27,87 28,88 29,89 29,90 30,91 30,92 31,93 32,94 33,95 34,96 35,97 35,98 35,99 36,100 37,101 38,102 39,103 40,104 41,105 42,106 43,107 44,108 45,109 46,110 46,111
198,163 199,164 199,165 199,166 199,167 200,168 201,169 201,170 201,171 202,172 202,173 203,174 203,175 202,176 202,177 202,178 203,179 204,180 205,181 206,182 206,183 205,184
74,65 73,66 72,66 71,67 70,68 69,69 68,70 67,71 66,71 65,70 64,70 63,71 62,72 61,73 60,74 59,75 58,76 57,77 56,77 55,77 54,76 53,75 52,75 51,75 50,75 49,75 48,75 47,76 47,77 47,78 47,79 47,80 47,81 47,82 46,83 45,84 44,85 43,86 42,87 41,88 42,89 43,90 44,91 45,92 46,93 47,94
108,156 109,155 110,155 111,155 112,155 113,155 114,154 115,155 116,156 117,157 118,158 119,159
103,34 103,33 102,32 101,31 100,30 100,29 99,28 100,27 101,26 102,25 103,24 104,23 104,22 104,21 103,20 102,20 101,20 100,20 99,20 98,19
196,104 197,103 198,102 199,101 200,100 201,99 202,99 203,98 203,97 203,96 204,95 204,94 204,93 204,92 204,91
23,110 24,111 25,112 26,112 27,113 28,113 29,114 30,115 31,116 32,117 33,118 34,119
10,61 11,60 12,59 13,58 14,57 15,56 16,57 17,58 18,58 19,57 20,56 20,55 20,54 20,53 20,52 20,51 19,50
100,185 99,184 98,183 97,182 97,181 97,180 96,179 95,178 94,177 93,176 92,175 91,174 92,173 92,172 93,171 94,170 95,169 96,168 97,168 98,168 99,168 100,168 101,169 102,170 103,171 104,172 105,173
228,153 229,154 230,155 231,155 232,155 233,156 234,157 235,157 236,157 237,156 238,156 239,157 240,158 241,159 242,160 243,160 244,161 245,162 245,163
51,179 50,180 49,181 48,182 47,183 47,184 47,185 46,186 45,187 44,187 43,187 42,187 41,187 40,187 39,188 38,188 37,188 36,188 35,188 34,188 33,188 32,188 31,189 30,190
197,101 198,102 199,103 198,104 197,105 196,106 197,107 197,108 197,109 198,110 199,111 199,112 199,113 199,114 199,115 199,116 199,117 200,118 201,118 202,118 203,118 204,117 205,117 206,116 206,115 206,114 207,113 208,112 209,111 210,110
8,88 9,87 10,86 11,85 12,85 13,86 14,85 15,85 16,85
182,242 183,241 184,241 185,241 186,242 187,243 188,243 189,242 189,241 190,240 190,239 190,238 190,237 190,236 190,235 190,234 190,233 189,232 189,231 190,230 191,229 192,228 193,227 194,226 195,225 196,224 197,223 198,222 199,221 200,220 201,219 202,218 202,217 203,216 204,215 205,214 206,213 206,212
16,215 17,216 17,217 18,218 19,219 19,220 20,221 20,222 21,223 20,224 19,225 18,226 17,227 18,228 18,229 18,230 19,231 20,232 21,233 22,234 23,235 24,236 25,237
239,143 238,142 237,141 237,140 236,139 235,138 235,137 234,136 233,135 233,134 233,133 233,132 233,131 233,130 233,129 233,128 233,127 233,126 233,125 232,124 231,123 230,122
31,185 30,185 29,185 28,185 27,185 26,186 25,187 24,186 23,185 22,184 21,184 20,183 19,182 18,181 17,181 16,180 15,180 14,179 13,178 12,177
71,192 72,191 72,190 73,189 72,188 71,187 70,186 69,186 68,185 67,185 66,185 65,185 64,186 63,187 63,188 63,189 63,190 64,191 64,192 63,193
246,41 245,41 244,40 243,39 242,39 241,38 240,39 239,40 238,40 237,41 236,42 235,43 234,42 233,42 232,41 231,42 230,43 229,44 228,44 227,45 226,46 225,47 224,48 223,49 222,49 221,50 220,50 219,51 218,52
51,167 51,168 52,169 53,170 54,171 54,172 53,173 53,174 54,175 55,176 56,177 56,178 57,179 58,180 59,180 60,180 61,180 62,180 63,180 64,181 65,182 66,183 67,184 68,185
222,88 223,89 223,90 223,91 223,92 224,93 223,94 223,95 224,96 225,97 226,98 227,99 226,100 225,101 224,102 223,103 222,104 221,105 220,106 219,107 219,108 219,109 219,110 219,111 219,112
87,110 88,110 89,110 90,111 91,112 92,113 93,114 93,115 94,116 95,117 96,118 97,119 98,120 99,121 100,122 101,123 101,124 102,125 103,125 104,126 105,126 106,126 107,126
65,183 64,184 63,185 62,186 61,187 60,188 59,189 58,190 57,191 56,192 55,193 54,192 53,191 52,190 51,190 50,191 49,192 48,193 47,194 46,194 45,193 44,192 43,192 42,192 41,192 40,193 39,193 38,193 37,194 36,195 36,196 36,197 36,198 36,199 36,200 36,201 36,202 36,203 37,204 38,205 38,206 38,207 38,208 38,209 39,210 40,211
183,96 182,95 182,94 182,93 182,92 182,91 183,90 183,89 183,88 183,87 183,86 183,85 183,84 184,83 185,82 186,81 187,80 188,79 188,78 188,77 188,76 188,75 188,74 187,73 186,72 185,71 184,70 183,69
236,20 235,21 234,22 233,23 232,24 231,25 230,26 229,27 228,28 228,29 227,30 226,31 226,32 225,33 224,33 223,33 222,33 221,33 220,33 219,33 218,33 217,34
64,50 65,50 66,50 67,49 68,48 69,48 70,48 71,48 72,47 73,46
54,76 55,75 56,74 57,74 58,73 59,74
0,152 0,153 1,154 2,155 3,155 4,155 5,156 6,157 7,158 8,158 9,158 10,159 11,160 12,160 13,160 14,160 15,160 16,161 17,161 18,162 19,162 20,163
141,74 142,75 143,76 144,76 145,77 146,78 147,79 148,79 149,79 150,79 151,80 152,81 153,82 154,83 155,84 156,85 157,86 158,87 159,88 160,89 161,90 162,91 163,92 164,93 165,94 166,95 167,96 168,97 169,98 170,99
67,157 68,158 69,157 70,156 71,155 72,155 73,155 74,156 75,157 76,156 77,156 78,156 79,156 80,156 81,156 82,156 83,156 84,157 85,158 86,159 87,160
69,184 70,184 71,184 72,184 73,185 74,186 75,187 76,187 77,187 78,188 79,189 80,189 81,188 82,187 83,186 84,186 85,186 86,186 87,187 88,188 89,188 90,188 91,189 92,190 93,190 94,191 95,191 96,191 97,190 98,189 99,188
71,3 70,3 69,3 68,4 67,5 66,6 65,7 64,7 63,8 62,9 61,10 60,11 59,12 58,13 57,13 56,14 55,14 54,15 54,16 53,17
103,157 103,156 103,155 102,154 101,153 100,152 99,151 99,150 99,149 98,148 98,147 98,146 98,145 98,144 99,143 100,142
83,4 84,5 85,6 86,6 87,6 88,6 89,7 90,8 91,9 92,10 93,11 94,12 95,13 96,13 97,13 98,14 99,15 100,16 101,17 102,18 103,19 104,20 105,21 106,21 107,21 108,22 109,23 110,24 111,25 112,26
128,125 129,124 129,123 130,122 130,121 130,120 129,119 129,118 128,117 127,116
119,240 120,240 121,239 122,238 123,238
22,148 23,147 24,146 25,145 26,144 27,143 28,142 28,141 29,140 29,139 29,138 29,137 29,136 29,135 29,134 29,133 30,132 31,131 32,130 33,129 33,128 32,127 32,126 33,125 34,124 35,123 36,123 37,123 38,123 39,123 40,122
87,55 86,54 85,53 84,52 85,51 86,50 87,50 88,50 89,50 90,50 91,51 92,51 93,51 94,52 95,53 96,52 97,51 98,50 99,49 100,50 101,50 102,51 103,52 103,53 103,54 104,55 105,56 106,57 107,58 106,59 105,60 104,61 104,62 105,63 105,64 104,65 103,66 102,67 101,68 101,69 101,70 102,71 103,72 103,73 103,74 103,75 103,76 103,77 103,78 102,79 101,80 100,81 99,82 99,83 99,84 99,85
18,234 19,235 20,236 21,236 22,236 23,237 24,238 25,239 26,240 27,241 28,242 29,243 30,244 31,245 32,246 33,247 34,248 35,249 36,249 37,249 38,249 39,249 40,249 41,249
157,169 156,169 155,169 154,169 153,170 152,169 151,168 150,168 149,168 148,169 147,170 146,170 145,171 144,172 143,173 142,174 141,175 140,176 139,177 138,177 137,178 137,179 136,180 135,181 134,182
87,166 88,166 89,166 90,166 91,167 92,168 93,169 94,169 95,169 96,168 97,169 98,170 99,170 100,170 101,171 102,172 103,173 103,174 103,175 103,176 103,177 104,178
126,67 125,67 124,66 123,65 122,64 121,64 120,64 119,63 118,63 117,64 116,65 115,65 114,64 113,64 112,63 111,62 110,61 109,60 108,60 107,59 107,58 107,57 107,56 107,55 107,54 107,53 106,52 105,51 105,50
26,77 25,77 24,76 23,75 22,74 21,74 20,74 19,73 18,73 17,73 16,73 15,73 14,73 13,73 12,74 11,75 10,76 9,77
86,57 85,58 84,59 83,60 82,61 81,61 80,62 79,62 78,62 77,62 76,62 75,62 74,63 74,64 74,65 74,66 74,67 74,68 74,69 74,70 75,71 76,72 77,73 78,74
21,179 22,178 23,177 24,176 25,175 25,174 26,173 27,172 28,171 28,170 29,169 30,168 31,167 32,166 33,165 34,164 35,163 36,162 37,161 38,160 39,159 40,158 41,157 42,157 43,157 44,157 45,156
96,106 95,107 94,108 93,109 92,110 91,111 90,111 89,111 88,111 87,112 86,113 86,114 86,115 86,116 85,117 84,118 83,119 82,120 81,121
144,78 145,79 146,80 147,81 148,82 149,83 150,84 151,84 152,84 153,84 154,85 154,86 153,87 152,88 153,89 154,90 154,91 155,92 156,93 157,94 158,95 159,96 160,97 161,98 162,99 163,100 164,101 165,102 166,103 167,104 168,105
179,117 180,117 181,117 182,117 183,118 184,118
87,25 86,25 85,24 84,23 83,22 82,21 81,21 80,21 79,21 78,20 77,19 76,18 75,17 74,16 73,15 72,14 71,13 70,12 69,11 68,10 67,9 66,8 65,7 64,7 63,6 62,5 61,4 60,3 59,2
167,64 166,63 165,62 165,61 164,60 163,59 163,58 163,57 163,56 163,55 162,54 163,53 162,52 161,51 160,50 159,49 158,48 157,47 156,46 155,45 154,44 153,43 152,42 151,41 151,40 150,39 149,39 148,39 147,39 146,38 145,37
39,238 40,237 41,236 42,237 43,238 44,238 45,239 46,239 47,238 48,237 49,236 49,235 49,234 48,233 47,232 46,231 45,230 44,229 44,228 44,227 44,226 44,225 43,224 43,223 42,222 41,221 41,220 41,219 41,218 41,217
173,15 174,16 174,17 173,18 172,19 171,20 170,21 170,22 170,23 170,24 170,25 170,26 170,27 170,28 170,29 170,30 171,31 172,32
66,49 65,50 64,51 64,52 63,53 62,54 61,55 60,56 59,57 58,58 57,59 56,60 55,61 54,62 53,63 52,64 52,65 52,66 52,67 52,68 51,69 50,69 49,70 48,70 47,71 46,72 45,73 44,74 43,75 42,75 41,75 40,75 39,75
36,10 37,10 38,9 39,8 40,7 41,6 42,6 43,6 44,7 45,8 46,9 47,9 48,10 49,11 50,11 51,12 52,13 53,14 54,15 55,14 56,14 57,15 58,16 59,17 60,18 61,19 62,20 63,21 63,22 63,23 63,24 63,25
55,73 56,73 57,73 58,73 59,72 60,73 61,74 62,75 63,76 64,77 65,78 66,79 67,80 68,81 69,82 70,83 71,84 72,85 73,86 74,87 75,88 76,88 77,89 78,90
126,42 126,43 126,44 125,45 125,46 125,47 125,48 125,49 125,50 125,51 125,52 124,53 123,54 122,55 121,56 120,57 119,58 118,59 118,60 119,61 119,62 120,63 121,64 122,65 123,66 124,67 125,68 126,69 127,70
247,102 246,101 245,101 244,100 243,99 242,98 241,97 240,97 239,97 238,96 237,96 236,96 235,96 234,96 233,95 232,95 231,96 230,97 229,97 228,96 227,95 226,94
98,150 98,149 98,148 99,147 100,146 101,145 101,144 100,143 100,142 100,141 99,140 99,139 99,138 99,137 99,136 98,135 98,134 97,133 96,132 97,131 98,130 99,129 99,128 99,127 99,126 99,125 100,124
125,74 124,75 123,76 122,77 121,78 120,79 119,80 118,80 117,81 116,82 115,83 114,84 113,83 112,82 111,81 110,80 109,79 108,79 107,78 106,78 105,77 104,77 103,77 102,77 101,77 100,77 99,77 98,77 97,78 96,79
8,178 9,179 10,180 11,180 12,181 13,182 13,183 13,184 14,185 15,186 16,187 17,188 18,189 19,190 20,191 21,192 22,193 22,194 22,195 23,196 23,197 23,198 23,199
52,115 51,114 50,113 49,112 48,111 47,111 46,110 45,109 44,109 43,108 42,107 41,106 40,105 39,104 38,103 37,102
216,201 216,202 216,203 215,204 214,205 213,205 212,204 211,204 210,204 209,204 208,203 207,203 206,203 205,202 204,201 203,202 202,203 201,204 200,205 199,206 198,206 197,207
78,31 77,31 76,30 75,29 74,29 73,28 72,27 71,27 70,27 69,27 68,26 67,26 66,26 65,26 64,26 63,25 62,25 61,26 60,27
59,8 60,9 60,10 60,11 60,12 60,13 59,14 59,15 60,16 60,17 60,18 60,19 60,20 60,21 61,22 62,23 62,24 62,25 62,26 61,27 60,28 59,29 58,30 57,31 56,32 55,33
27,50 28,49 29,48 29,47 30,46 31,45 31,44 32,43 33,42 34,41 34,40 34,39 34,38 34,37 34,36 33,35 33,34 33,33 33,32 33,31 33,30 33,29 33,28 32,27 31,26 30,25 29,24 28,23 27,22
204,71 204,70 203,69 202,68 201,67 200,66 199,65 198,64
213,85 214,86 215,87 216,88 217,89 218,90 219,91 220,92 221,93 222,94 223,95 224,96 225,97 226,98 227,99 228,100 229,101 230,102 231,103 232,104 233,105 234,106 235,107 236,108 237,109 238,110 239,111 240,112 241,113 242,114
224,117 225,118 226,119 226,120 225,121 224,122
108,120 108,119 108,118 109,117 110,117 111,117 112,117 113,117 114,116 115,116 116,116 117,117 118,118 119,118 120,117
74,61 74,62 74,63 75,64 76,65 76,66 76,67 76,68 76,69 75,70 74,71 74,72 74,73 74,74 74,75 74,76 74,77 75,78 76,79 77,80 78,81 78,82 79,83 80,84 81,85 82,86 83,87
93,132 92,133 91,134 90,135 89,136 88,137 87,138 86,139 85,140 84,141 83,142 82,143 81,144 80,145 79,146 78,147 77,147 76,147 75,147 74,148 73,149 72,150 71,150 70,151 69,152 68,153
203,75 204,74 205,73 206,72 207,71 208,70 209,69 210,68 211,67 212,66 213,65 214,64 215,63 215,62 216,61 217,60 218,59 219,58 219,57 220,56 221,55 222,54 223,53 224,52 225,52 226,51 227,50 228,49
236,41 235,41 234,41 233,41 232,40 231,41 230,42 229,43 228,43 227,44 226,45 225,45 224,45 223,44 223,43 222,42 222,41
54,94 55,95 56,96 57,97 58,98 59,99 60,100 61,101 62,102 63,103 64,104 65,105 66,106 67,107 67,108 68,109 69,109 70,109 71,109 72,109 73,110 74,111 75,111 76,110 77,111 78,112 79,111 80,111 81,111
