76,90 76,89 76,88 76,87 76,86 76,85 76,84 77,83 77,82 78,81 79,80 80,79 81,78 82,77 83,76 84,75 85,74 84,73 84,72 85,71
47,12 48,13
36,6 35,7 34,8 33,9 32,10 32,11 32,12 31,13 30,14 30,15 31,16 32,17 33,18 34,19 35,20 36,21 37,22 38,23 39,24 39,25 39,26 39,27 40,28 41,28 42,27 42,26 43,25
27,7 26,7 25,7 24,7 23,8 22,8 21,9 20,10 19,11 18,12 17,13 16,14 15,15 14,16 13,17 12,18 11,19 10,20 9,19 8,20 7,20 6,21 5,22 4,23 3,24 2,25 1,25 0,26 0,27 0,28 0,29 0,30
48,57 48,56 48,55 47,54 46,53 45,52 44,51 45,50 46,49 47,48 48,47 49,46
91,39 91,38 92,37 93,36 93,35 94,34 95,33 96,32 97,31 98,30 99,29 99,28 99,27 99,26 99,25 99,24 99,23 99,22 99,21 99,20 99,19 99,18 99,17 99,16 99,15 99,14 99,13 98,12 97,11 96,10 95,9
12,28 12,29 12,30 12,31 11,32 12,33 13,34 13,35 14,36 14,37 14,38 14,39 14,40 14,41 14,42 14,43 14,44 13,45 12,46 11,47 10,48 10,49 10,50
91,18 90,19 89,20 88,20 87,21 86,21 85,22 84,23 83,23 82,23 81,23 80,23 79,24 78,25 77,26 76,27 75,28 74,29 73,30 72,31 71,31 70,31 69,31 68,31 67,31 66,31 65,31 64,31 63,31 62,31 61,31
52,97 52,96 52,95 53,94 54,93 54,92 54,91 54,90 54,89 53,88 52,87 53,86 54,85 55,84 56,83 57,82 58,81 59,81 60,80 61,79 62,78 63,77 64,77 65,78 66,77 67,76 67,75 67,74 67,73 67,72 67,71 68,70
97,90 96,89 95,88 94,87 93,86 93,85 93,84 92,83 91,83 90,83 89,83 88,83 87,83 86,82 85,81 84,80 83,79 82,79 81,78 80,77 79,76 78,75 77,74 76,73 75,72 74,71
22,7 21,7 20,7 19,7 18,8 17,9
99,23 99,24 99,25 99,26 99,27 99,28 99,29 98,30 97,31 96,32 95,32 94,31 93,31 92,31 91,30 90,29 89,28 88,27 87,26 86,25 85,24
27,18 26,19 25,20 24,21 24,22 23,23 22,24 21,25 20,26 19,27 18,28 18,29 17,30 17,31 17,32 17,33 17,34 18,35 17,36
97,61 96,61 95,61 94,61 93,62 92,63 91,64 90,65 89,66 88,67 87,67 86,67 85,68 84,69 83,70 82,70 81,70 80,70 79,71 78,71 77,71 76,71 75,70
42,99 41,98 40,97 39,96 38,95 37,94 36,93 35,92 34,91 33,90 32,89 31,88 30,87 29,86 29,85 29,84 29,83 28,82 27,81 26,80 25,79 24,78 23,77 23,76
45,52 45,51 45,50 44,49 45,48 44,47 43,46 42,46 41,46 40,45 39,44 38,43 37,42 36,41
87,71 88,72 89,73 90,74 91,75 92,76 92,77 93,78 94,79 94,80 95,81 96,82
36,33 36,32 35,31 34,30 33,29 33,28 32,27 31,26 30,25 29,24 28,23 27,22 26,21 26,20 26,19 26,18 27,17 28,16 29,15 30,14 31,13 32,12 32,11 32,10 32,9 32,8 32,7 32,6 32,5 32,4 32,3
1,73 1,72 2,71 3,70 4,69 5,68 6,67 7,66 8,65 8,64 9,63 10,62 11,61 12,61 13,60 14,59 15,58 16,57 17,56 18,55 19,54 20,53 21,52 22,51 23,50 24,49 25,48
23,56 22,56 21,55 20,54 21,53 22,52 23,51 24,50 25,49 26,48 27,47 28,46 28,45 29,44 30,43 31,42 32,41 33,40 34,39 35,38 36,37 37,36 38,35 39,35 40,34 41,33 42,32 43,32 44,32 45,32 46,32 47,33
18,11 19,11 20,11 21,10 22,10 23,10 24,10 25,11 26,12 27,13 26,14 25,15 24,16 24,17 23,18 23,19 23,20 23,21 23,22 23,23 22,24 21,25 20,26 19,27 18,28 18,29 17,30 16,31 15,32 14,33 13,34 12,35
76,44 75,43 74,42 73,43 72,44 71,45 70,46 69,47 68,48 67,49 66,50 65,51 64,52 63,53 63,54 62,55 61,56 60,57 59,58 59,59 60,60 61,61 61,62 60,63 59,63 58,64 57,64 56,65 55,65 54,66 53,66 52,66 51,66 50,66 49,66 48,65
54,8 55,9 56,10 57,11 58,12 58,13 58,14 58,15 58,16 59,17 60,17 61,18 62,18 63,17 64,17 65,18 66,19 67,19 68,19 69,19 70,19 71,19 72,19 73,19 74,20 75,21 76,22 77,23 78,24 79,25 80,26
3,11 4,11 5,11 6,11 7,12 8,12 9,13 10,14 11,14 12,13 13,13 14,13 15,14 16,14 17,13 18,12 19,11 20,11 21,10 22,10 23,10 24,10 25,11 25,12 26,13 27,14 28,15 27,16 26,17 25,18 26,19 27,20 28,21 28,22 28,23 27,24 26,25
72,19 72,18 73,17 74,16 74,15 74,14 74,13 73,12
6,42 7,43 7,44 6,45 7,46 8,47 9,48 10,49 10,50 11,51 12,52 13,53 14,53 15,54 16,55 17,56 18,57
0,89 1,90 2,89 3,90 4,90 5,90 6,89 7,88 8,87 8,86 8,85 8,84 8,83
72,57 72,56 72,55 72,54 71,53 70,52 69,51 69,50 69,49 68,48 67,47 66,46 66,45 66,44 65,43 64,42 64,41 63,40 63,39 64,38 65,37 66,36 67,35 68,34 69,33 70,32
57,37 56,37 55,36 54,35 53,34 52,33 51,33 50,33 49,32 48,31 47,31 46,31 45,30 44,29 43,28 42,27 41,28 40,28 39,27 39,26 38,25 37,24 36,23 35,22 34,21 33,20 32,19 31,18 30,17 30,16 29,15 28,14 27,13
61,58 62,59 62,60 62,61 61,62 61,63 61,64 62,65 62,66 62,67 61,68 60,69 59,70 58,71 57,72 56,73 55,74 54,75 54,76 54,77 54,78 54,79 54,80 54,81 54,82 54,83 54,84 54,85 55,86
80,10 80,11 80,12 80,13 81,14 81,15 82,16 82,17 82,18 83,19 84,20 85,21 86,21 87,21
55,42 54,43 53,44 52,45 51,46 50,46 49,46 48,47 47,48 46,49 46,50 46,51 46,52 45,53 45,54 45,55 45,56 45,57 45,58 45,59 45,60 46,61 47,62 48,63 49,64
8,53 9,54 9,55 8,56 8,57 8,58 8,59 8,60 8,61 7,62 6,62 5,62 4,62 3,62 2,62 1,63
19,21 20,21 21,21 22,21 23,22 24,22 25,23
30,76 30,75 30,74 30,73 31,72 31,71 32,70 32,69 33,68 34,67 33,66 32,65 32,64 33,63 34,62 35,61 36,60 36,59 36,58 36,57 36,56 36,55 36,54 35,53 34,52 33,51
46,11 45,11 44,11 43,12 42,13 41,14 40,14 39,15 38,16 37,17 36,18 35,18 34,18 33,18 32,18 31,18 30,17 29,16 28,15 27,14 26,13 25,12
69,46 68,46 67,45 66,45 65,44 64,44 63,44 62,43 61,42 60,41 59,40 58,39 57,38 56,37 55,36 54,35 53,34 52,33 51,32 50,31 49,31 48,31 47,31 46,30 45,29 45,28 45,27 45,26 44,25
63,39 64,40 65,41 66,41 67,42 68,43 69,44 70,45 71,45 72,46 73,46 74,45 75,45 76,44 77,44 78,45 79,46 79,47 80,48 80,49 80,50 80,51 80,52 80,53 80,54 81,55 82,56 83,57 84,58 85,59 86,60 87,61
19,48 20,49 21,49 22,49 23,48 23,47 23,46 23,45 22,44 22,43 22,42 23,41 24,40 25,39 26,38 27,37 28,36 29,35 30,34 31,33 31,32
89,21 88,21 87,21 86,21 85,21 84,20 83,19 82,18 82,17 82,16 81,15 80,14 79,13 78,12 77,11 76,10
51,70 50,70 49,69 48,68 47,67 46,66 45,65 44,64 43,63 42,63 41,63 40,63 39,63 38,63 37,63 36,63 35,63 34,63 33,63 32,63 31,64 30,65 29,66
34,99 35,99 36,99 37,98 36,97 36,96 35,95 34,94 33,93 32,92 31,91 30,90 29,89 29,88 28,87 27,86 26,85 25,84 24,83 23,82 22,81 22,80 22,79 21,78 21,77 22,76 23,75 24,74
80,42 81,41 82,40 83,39 84,38 85,38 86,39 87,39 88,40 89,40 90,39 91,38 92,37 92,36 93,35 94,34 95,33 96,32 97,31 98,30 99,29 99,28 99,27 99,26 99,25 99,24 99,23 99,22 99,21 99,20 99,19 99,18 98,17
15,64 16,64 17,64 18,64 19,63 20,62 21,61 22,60 23,60 24,59 25,58 26,57 27,56 28,55 29,54 30,53 31,52 32,51
14,36 15,37 15,38 15,39 14,40 14,41 14,42 13,43 14,44 15,45 16,46 16,47 16,48 16,49 16,50 16,51 16,52 17,53 18,54
70,93 70,92 71,91 72,90 73,89 74,88 75,87 76,86 77,85 78,84 79,83 80,82 81,81 82,80 83,79 84,78 85,77 86,76 87,75 87,74 87,73 88,72 89,71 90,70 91,69 92,68 93,67
84,37 83,37 82,37 81,37 80,36 79,36 78,35 77,34 76,33 75,32 74,31 73,30 72,29 71,28 70,27 69,27 68,28 67,28 66,28 65,27 64,26 64,25 64,24 64,23 64,22 63,21 62,20 61,19 60,18 59,17 58,16 58,15 57,14 56,13
25,3 26,4 27,4 28,5 29,6 30,7 31,8 32,9
58,99 57,99 56,99 55,99 54,99 53,99 52,99 51,98 50,98 49,98 48,97 47,97 46,97 45,97 44,97 43,97 42,97 41,96 40,95 39,96 38,97 37,98 36,99 35,99 34,99 33,99 32,99 31,99 30,99 29,99 28,98 29,97
71,68 70,68 69,68 68,68 67,69 66,70 65,71 64,71 63,71 62,71 61,71 60,71 59,72 58,73
