60,109 61,108 62,107 63,106 64,105 65,104 66,103 67,102 68,101 69,100 69,99 68,98 68,97 68,96 68,95 68,94 69,93 70,93 71,92 72,91 73,90 74,89 75,90 76,91 77,91 78,92 79,91 80,91 81,91 82,91 83,91 84,90 85,89 86,88 87,87 88,86 89,85
48,15 47,15 46,15 45,15 44,14 43,15 42,16 41,16 40,16 39,17 38,18 37,19 36,20 35,21 34,22 33,22 32,22 31,23 30,24 29,25 28,26 27,27 26,27 25,27 24,27 23,27 22,28
51,17 51,18 51,19 50,20 49,21 49,22 49,23 49,24 48,25
245,249 244,249 243,248 242,247 241,247 240,248 239,248 238,249 237,249 236,249 235,249 234,248
152,112 151,111 150,110 149,109 148,108 147,107 146,106 145,105 144,104 143,103 142,102 141,101 140,100 139,99 138,99 137,98 136,97 135,96 134,95 133,94 132,93 132,92 132,91 132,90 132,89 132,88 133,87 134,86 135,85 136,84 137,83
66,70 65,70 64,69 63,68 62,67 61,66 60,65 59,65 58,65 57,64 56,63 55,64 54,65
0,86 0,87 0,88 1,89 2,89 3,88 4,88 5,89 6,89 7,89
180,190 180,191 181,192 182,193 183,194 184,195 185,196 186,197 187,198 188,199 189,200 190,200 191,201 192,202 192,203 192,204 192,205 193,206 193,207 193,208 193,209 193,210 193,211 193,212 192,213 191,214 190,215 189,216 188,217 187,218 186,219
124,0 125,1 126,1 127,2 128,3 129,4 130,5 131,6 132,7 133,8 134,9 135,9 136,9 137,8 138,9 139,9 140,10 140,11 140,12 140,13 139,14 140,15 141,16 142,17
18,85 18,84 18,83 18,82 19,81 20,80 21,79 22,78
126,6 127,7 127,8 127,9 127,10 127,11 127,12 128,13 129,14 130,15 131,16 132,17 133,18 134,19 135,20 136,21 137,22 138,23 139,24 139,25 139,26 139,27 140,28
59,177 58,176 57,175 56,174 55,173 54,172 53,171 52,171 51,170 50,169 49,169 48,168 47,167 46,166 45,165 44,164 43,163 42,162 41,163 40,163 39,162 38,162 37,162 36,161 35,160
0,35 1,36 2,35 3,36 4,37 5,36 6,36 7,36 8,35 9,34 10,33 11,33 12,32 13,31 14,30 15,29 16,29 17,28 18,27 19,26 20,25 21,24 22,24 23,25 24,26 25,27 26,28 27,29
150,215 150,216 150,217 149,218 148,219 147,220 147,221 146,222 147,223 148,224 149,225 150,226 151,227 152,228 153,229 154,230 155,231 156,232 156,233 156,234 155,235
216,109 215,110 214,111 213,112 213,113 213,114 213,115 213,116 214,117 215,118
128,13 129,14 130,15 130,16 131,17 132,18 133,19 134,20 134,21 135,22 136,23
102,205 102,204 101,203 102,202 103,201 102,200 101,199 100,198 100,197 99,196 98,195 97,194 96,193 96,192 96,191 96,190 95,189 94,188 93,187
34,18 35,19 36,19 37,18 38,18 39,17 40,16 41,16 42,15 43,15 44,15 45,15 46,15 47,15 48,15 49,15 50,15 51,15 52,15
148,249 147,248 146,247 145,246 144,245 145,244 146,243 147,242 148,241 148,240 148,239 148,238 148,237 148,236 148,235 148,234 148,233 148,232 148,231 148,230 148,229 149,228 150,227 151,226 152,225 153,224
138,80 138,79 138,78 139,77 140,76 140,75 139,74 139,73 139,72 139,71
130,78 131,78 132,78 133,77 134,76 135,76 136,75 137,76 138,77 139,78 140,79 141,79 142,79 143,79 144,79 145,80 146,81 147,81
5,244 5,243 6,242 7,241 7,240 6,239 5,238 5,237 6,236 6,235 7,234 7,233 6,232 6,231 6,230 6,229 7,228 8,227 9,226 10,225
8,244 9,245 10,245 11,244 12,244 13,244 14,244 15,243 16,243 17,243 18,243 19,243 20,243 21,243 22,243 23,243 24,243 25,243 26,242 27,241 28,240 29,239
23,121 22,121 21,120 20,119 19,118 18,117 17,117 16,116 15,116 14,115 13,114 13,113 12,112 11,111 10,110 9,109 8,108 7,107 6,106 5,105 4,104 3,104 2,104 1,104 0,103 0,102 0,101 0,100
67,37 67,38 67,39 68,40 69,41 69,42 69,43 70,44 70,45 69,46 70,47 71,48 71,49 72,50 71,51 70,52 69,53 68,54 67,55 66,56 67,57 68,58 69,59 70,60 70,61 70,62 71,63 72,64
210,12 209,12 208,12 207,12 206,13 205,14 204,14 203,14 202,14 201,14 200,15 199,16
41,47 40,48 40,49 40,50 40,51 41,52 41,53 41,54 42,55 43,56 44,57 45,58 45,59 45,60 45,61 45,62 44,63 44,64 44,65 44,66 45,67 45,68 46,69 47,70 48,70 49,70 50,70 51,70 52,71 53,72 54,73 55,74 56,75 57,75 58,76
203,190 202,189 203,188 204,187 205,186 205,185 206,184 207,183 208,182 209,181 209,180 209,179 209,178 210,177 211,176 212,175 213,174 214,174 215,174 216,173 216,172 216,171 216,170 216,169 216,168 215,167 214,166 213,165 212,164
114,84 114,83 113,82 112,81 111,80 111,79 110,78 109,77 108,76 107,75 106,74 105,73 105,72 104,71 103,70 102,69 101,68 100,67 99,66 98,65 97,64 96,63 95,62 95,61 94,60
204,116 205,117 206,118 206,119 207,120 207,121 208,122 209,123 209,124 208,125 207,126 206,127 205,128 204,129 203,130 202,131
123,240 124,239 125,238 125,237 125,236 126,235 127,234 127,233 127,232 128,231 129,230 130,229 131,228 132,227 133,226 133,225 133,224 134,223 135,222 136,221 136,220 135,219 134,218 133,218 132,218 131,218 130,218 129,218 128,217 127,216 126,215
178,167 177,166 176,165 175,164 174,163 173,162 172,161 171,160 170,159 169,158 169,157 169,156 169,155 168,154 167,153 166,152 165,151 164,150 163,149 164,148 163,147 163,146 162,145 162,144 162,143 161,142 160,141 159,140 158,139 157,139 156,139 155,139 154,138 153,137
191,111 191,110 191,109 192,108 193,107 194,106 195,105 196,104 197,103 198,102 199,101 200,100 200,99 200,98 201,97 202,96 203,95 204,94 205,93 206,92 206,91 207,90 208,89 209,89 210,89 211,89 212,88
246,139 246,140 246,141 246,142 246,143 246,144 246,145 246,146 246,147 246,148 246,149 245,150 244,151 243,151 242,151 241,151 240,151 239,151 238,150 237,150 236,149 235,148 234,147 233,147 232,147 231,147 230,148 229,149 228,150 227,151 226,152 225,153 224,154 223,154 222,155 221,156 220,156 219,156 218,156 217,156
124,41 125,41 126,41 127,41 128,40 129,41 130,42 131,42 132,42 133,43 134,43 135,44 136,45 137,46 138,47 139,47 140,48 141,49 142,50 143,51 144,52
76,99 76,98 75,97 74,96 74,95 74,94 73,93 72,93 71,92 70,91 69,90 68,89 67,89 66,89 65,89 64,89 63,89
143,228 142,227 141,226 140,225 139,224 138,223 137,222 136,221 136,220 135,219 134,218 133,218 132,218 131,217 130,216 129,215 128,214 127,213 126,213 125,213 124,212 123,212 122,211 121,211 120,210 119,210 118,210
154,141 153,141 152,141 151,140 150,139 149,139 148,138 147,137 146,137 145,136 144,135 143,134 142,134 141,134 140,133 139,132 138,131 137,130 136,129 135,128 134,127 133,126 132,125 131,124 130,123 130,122 130,121 129,120 128,119 127,118
62,78 62,77 62,76 61,75 60,74 59,73 58,72 57,71 57,70 57,69 58,68 58,67 59,66 60,65 61,64 62,63 62,62 62,61 62,60 62,59 62,58 61,57 60,56 59,55 58,54 57,53 56,52 56,51 55,50 54,49
155,70 156,70 157,69 158,68 159,67 160,66 161,66 162,66 163,66 164,66 165,66 166,66 167,66 168,66 169,66 170,67 171,68 172,69 173,70 174,69 175,69 176,69 177,70 178,70 179,70 180,70 181,70 182,69
200,188 199,188 198,188 197,188 196,189 195,189 194,190 193,191
246,0 247,0 248,0 249,1 249,2 249,3 248,4 247,5 247,6 246,7 245,8 245,9 246,10 246,11 246,12 246,13 246,14 245,15 246,16 247,17 248,18 249,19 249,20 249,21 249,22 249,23 249,24 249,25 248,26
50,23 51,24 52,25 53,26 54,27 55,28 56,29 57,30 58,31 59,32 60,33 61,34 62,35 63,36 64,35 65,36 66,37 67,38 68,39 69,39 70,40 71,41 72,41 73,41 74,41 75,42 76,42
114,206 113,205 113,204 113,203 113,202 113,201 113,200 113,199 113,198 113,197 114,196 115,195 115,194 115,193 116,192 117,191 118,190 119,189 120,188 121,187 121,186 122,185 123,184 124,183 125,182
173,210 174,211 175,212 176,213 177,213 178,214 179,215 180,215 181,214 182,213 183,212 184,212 185,212 186,212 187,212 188,212 189,212 190,212 191,212 192,213 193,214
205,29 204,29 203,29 202,29 201,28 200,28 199,27 198,26 197,25 196,25 195,24 194,23 193,22 192,21
151,69 150,69 149,69 148,69 147,68 146,67 145,66 144,67 143,66 142,65 141,64 140,63 139,62 138,61 137,60 136,59 135,58 134,57 133,56 132,55 131,54 130,53 129,52 128,51 127,52 126,51 126,50 125,49 125,48 125,47 124,46 123,45 122,44 121,43
167,201 166,201 165,200 164,199 163,199 162,198 161,197 160,196 159,195 158,194 157,193 156,192 155,191 154,190 153,189 152,188 151,187 150,187 149,187 148,187 147,187 146,186 145,186 144,186 143,186
182,145 181,144 180,143 179,143 178,142 177,141 176,140 176,139 176,138 176,137 176,136 176,135 175,134 174,133 173,132 172,131 171,130 170,129 169,128 168,127 167,126 166,125 165,124 164,124 163,124 162,124 161,123 160,123 159,122 159,121 159,120 160,119 161,118 162,117 163,116 164,115
135,130 134,131 133,132 132,133 131,134 130,135 129,136 128,136 127,136 126,137 125,137 124,137 123,137 122,137 121,137 120,136 119,137 118,137 117,137 116,137 115,137 114,137 113,137 112,137 111,138 110,139 109,139 108,139 107,138
148,218 147,217 146,216 146,215 145,214 144,213 144,212 143,211 143,210 143,209 142,208 141,207 140,206 140,205 139,204 138,203 137,202 136,201 136,200 136,199 136,198 135,197 134,196 134,195 135,194 135,193 134,192 133,191 132,190 131,190 130,190 129,190 128,190 127,189
57,35 58,34 59,33 59,32 60,31 61,30 62,29 63,29 64,29 65,29 66,29 67,28 68,27 69,26 70,25 71,24 72,23 73,22 74,21 75,20 76,19 77,18 78,18 79,18 80,18 81,17 82,16 83,15 84,14 85,13 86,12
67,201 68,201 69,202 70,202 71,201 72,201 73,202 74,202 75,201 76,201 77,201 78,201 79,201 80,201 81,200 82,199 83,198 84,197 85,197 86,198 87,199 88,200 89,200 90,199 91,199 92,199 93,199 94,198 95,197 96,196
172,110 171,109 170,108 169,107 168,106 167,105 166,104 165,103 164,102 163,101 163,100 162,99 161,98 160,97 159,96 158,95 157,94 156,93 155,92 154,91 153,90 152,89 151,88
6,229 7,229 8,228 9,227 10,226 11,225 12,224 13,224 14,224 15,223 16,222 17,222 18,222 19,223 20,224 21,225 22,226 23,226 24,227 25,228 26,228 27,228 28,229 29,230 30,231 31,232 32,233
169,159 170,160 171,159 172,159 173,160 174,160 175,161 176,162 177,163 178,164 179,164 180,165 181,165 182,166 183,167 184,168 185,169 186,170 187,171 188,172 189,173 190,174 191,175 192,176 193,177 194,178 195,179
182,191 183,192 183,193 184,194 185,195 186,196 187,197 188,198 189,199 190,200 191,201 192,202 192,203 192,204 191,205 190,206 189,207 188,208 187,209 186,209 185,209 184,210 183,211 182,212 181,213 180,214 179,215 178,216 177,216 176,216 175,216 174,216 173,216 172,216 171,216 170,216 169,216 168,215 167,214 166,213 165,212 164,212 163,212 162,212 161,212 160,213 159,214 158,215 157,216
219,108 220,107 221,106 222,105 223,104 224,104 225,103 226,102 227,102 228,101 229,101 230,101 231,101 232,100
78,39 78,38 77,37 76,36 75,35 74,34 73,33 72,32 71,31 70,30 69,29 68,28 67,27 66,26 65,25 64,24 63,24 62,23 61,22 60,21 59,20 58,19 57,18 57,17 56,16 55,15 54,14 53,13
19,20 20,21 21,22 22,23 23,23 24,24 25,25 26,26 27,27 28,27 29,28 30,28 31,28 32,29 33,30 34,31 35,32 36,33 37,34 38,35 39,36 40,37 41,38 41,39 41,40 41,41 42,42 43,43 44,43 45,43 46,43 47,43 48,42 48,41 49,40 50,39 50,38 50,37 49,36
26,89 27,89 28,89 29,89 30,88 31,88 32,88 33,87 34,87 35,88 36,89 37,90 38,91 39,91 40,91 41,91 42,91 43,90 44,89 45,88 46,87 47,86
2,172 2,171 3,170 4,169 4,168 4,167 5,166 5,165 5,164 5,163 5,162 6,161 5,160 4,159 3,158 2,157 2,156 2,155 2,154 2,153 2,152 1,151 1,150 0,149 0,148 0,147 0,146 0,145 0,144 0,143 1,142
62,14 61,14 60,15 60,16 60,17 59,18 60,19 61,20 61,21 61,22 61,23 60,24
27,134 26,133 25,132 24,131 23,130 22,129 21,129 20,130 19,131 18,130 17,130 16,130 15,129 15,128 15,127 15,126 15,125 15,124 15,123 15,122 14,121 13,120 12,119
1,123 1,122 1,121 2,120 3,119 3,118 2,117 1,116 0,115 0,114 0,113 0,112 0,111 0,110
243,10 242,11 241,11 240,11 239,12 239,13 239,14 238,15 238,16 238,17 238,18 237,19 236,20 235,21 234,22 233,23 232,24 231,25 230,26 229,27 228,28 228,29 227,30 226,31 225,32 224,32 223,33 222,34 221,35 220,36 219,37 218,38
201,105 200,104 199,103 198,102 197,102 196,101 195,100 194,99 193,99 192,98 191,97 190,96 189,95 188,94 187,93 186,92
103,218 102,219 101,220 100,221 99,222 98,222 97,223 96,224 95,224 94,225 93,226 92,227 91,228 90,229 89,230 88,231 87,231 86,231 85,230 84,230 83,231 82,232 82,233 83,234 84,234 85,234
109,70 108,69 107,68 107,67 106,66 105,65 104,64 104,63 104,62 104,61 105,60 106,59 107,58 106,57 106,56 106,55 107,54
114,59 114,58 115,57 116,56 117,55 118,54 119,53 120,52 121,51 122,50 123,49 124,48 125,47 125,46 126,45 127,44 128,43 129,43 130,42
221,177 220,178 219,179 218,179 217,180 216,181 215,182 214,183 213,183 212,183 211,182 210,182 209,182 208,182 207,182 206,182 205,183 204,184 203,185 202,186 201,186 200,186 199,186 198,187 197,187 196,187 195,188 194,188 193,188 192,189 191,190
54,4 55,5 56,5 57,5 58,5 59,5 60,6 60,7 59,8 58,9 57,10 56,11 56,12 56,13 57,14 57,15 56,16 55,17 54,18 53,19 53,20 54,21
159,40 160,40 161,40 162,40 163,39 164,39 165,39 166,38 167,38 168,39 169,40 170,41 171,42 172,43 173,44 174,45 175,46 176,47 177,48 178,48 179,48 180,49 181,49 182,50 183,51 184,52 184,53 184,54 184,55 185,56 186,57 187,58
176,223 177,224 178,224 179,224 180,224 181,223 182,222 183,221 184,220 185,219 186,218 187,217 188,216 189,215
137,3 138,4 139,5 140,6 141,7 142,8 143,9 144,10 145,11 146,12 146,13 147,14 148,15 149,16 150,17 151,17 152,17 153,18 154,18 155,18 156,18 157,19
236,224 237,225 237,226 236,227 235,228 235,229 236,230 237,231 238,232 239,233 240,234 241,235 241,236 242,237 243,238 244,239 245,240 246,241 247,242 248,243 248,244 249,245 249,246
200,14 201,15 202,16 202,17 202,18 203,19 204,20 204,21 204,22 204,23 203,24 202,25 202,26 202,27 201,28 200,29 200,30 201,31 202,32 203,33 203,34 203,35 204,36 205,37
115,164 116,165 117,165 118,165 119,164 120,165 121,166 122,166 123,166 124,166 125,166 126,167 127,168 128,168 129,169 130,169 131,170 132,170 133,169 134,168 135,168 136,169 137,170 138,170 139,170 140,170 141,171 142,172
194,240 193,239 192,238 191,237 190,236 191,235 191,234 191,233 191,232 190,231 189,231 188,230 187,229 186,229 185,229 184,229 183,230 182,231 181,232 180,233 179,234 178,235
72,25 72,24 72,23 71,22 70,21 70,20 69,19 68,18 67,17 66,16 65,15 65,14 65,13 65,12 65,11 65,10 65,9 65,8 64,7 63,6 62,5 61,4 60,3 59,2 58,1
23,121 23,120 23,119 23,118 24,117 24,116 25,115 24,114 23,113 22,112 21,111 20,110 20,109 19,108 18,107
145,240 145,239 145,238 146,237 147,236 148,235 148,234 148,233 148,232 147,231 146,230
202,76 201,76 200,77 199,78 198,79 197,80 196,81 195,82 194,83 193,84 192,85 191,86 191,87 190,88 189,88 188,89 187,90 186,91
138,51 139,50 140,49 141,49 142,50 143,51 144,52 145,53 146,54 147,55 148,56 149,57 149,58 150,59 151,60 152,61 153,62 154,61 155,60
166,141 167,141 168,142 169,143 170,144 171,145 172,146 173,147 174,148 175,149 176,150 177,151 178,152 179,153 180,154 181,155 182,156 183,157 184,158 185,159 186,160 187,161 188,162 189,163 190,164 191,165 192,166 193,167 194,168 195,169
245,122 244,121 243,120 242,119 242,118 242,117 241,116 240,115 239,114 238,114 237,114 236,114 235,114 234,113 233,112 232,111 231,110 230,109 229,108 228,108 227,108 226,107 225,106 224,105
33,227 33,226 33,225 34,224 35,224 36,224 37,223 38,222 39,223 40,224 41,225 42,226 43,226 44,226 45,226 46,226 47,226 48,225 49,224 50,224 51,224 52,224 53,224 54,224 55,224 56,224 57,224 58,224
134,108 133,107 132,106 131,105 130,104 129,103 128,103 127,104 126,105 125,105 124,106 123,106 122,106 121,105 120,104 119,103 118,102 117,101 116,100 115,99 114,98 113,97 112,96 112,95 111,94 111,93 111,92 110,91 109,90 109,89 109,88 108,87 107,86 106,85 105,84 105,83 105,82 105,81 106,80 107,79 108,78
178,6 177,6 176,5 175,5 174,5 173,5 172,6 171,7 170,8 169,8 168,8 167,8 166,7 165,6
101,10 100,10 99,9 98,10 97,11 96,12 95,13 94,14
212,243 213,244 214,245 215,246 216,247 217,248 218,249 219,249 220,249 221,249 222,249 223,249 224,249 225,249 226,249 227,249 228,249 229,249 230,249 231,249 232,249 233,249 234,248
66,223 67,223 68,223 69,222 70,221 71,221 72,221 73,221 74,221 75,222 76,223 77,224 78,224 79,224 80,224 81,224 82,224 83,224 84,223 85,222 86,221 87,220
173,205 174,204 175,203 176,202 177,201 178,201 179,202 180,203 181,204 182,205 183,206 184,207 185,208 186,209 187,209 188,208 189,207 190,206 191,205 192,204 192,203 192,202 191,201 190,200 189,200 188,199 187,198 186,197 185,196 184,195 183,194 182,193 181,192 180,191 179,190 178,189 177,188 176,187
241,157 240,157 239,156 238,156 237,155 236,154 235,154 234,153 233,153 232,152 232,151 231,150 230,149 229,148 228,147 227,146 226,145 225,144 224,143 223,142 222,141 221,140 220,139 219,138 219,137 218,136 217,136 216,135 215,134 214,133 213,132 212,131
49,48 50,49 51,49 52,50 53,50 54,49 55,48 56,47 57,47 58,47 59,47 60,48 61,49 62,50 63,51 64,52 65,53 66,54 67,55 68,56 69,57 70,58 71,59 72,60 73,60 74,61 75,62 76,63 77,64
100,131 99,131 98,130 97,130 96,129 95,128 94,127 93,127 92,127 91,128 90,129 89,130 88,131 87,132 86,131 85,130 84,129 83,128 82,127 81,126 80,125 79,124 78,123 78,122 77,121 76,120 75,119 74,118 74,117 75,116 76,115 77,114
138,152 137,151 136,150 135,149 135,148 135,147 135,146 136,145 136,144 135,143 134,143 133,143 132,143 131,143 130,143 129,143 128,143 127,143 126,143 125,142 124,142 123,142 122,142 121,142 120,142 119,142 118,142 117,142 116,142 115,142 114,141
30,44 29,44 28,44 27,43 26,42 25,42 24,42 23,42 22,43 21,43 20,43 19,43 18,43 17,43 16,42
45,110 45,109 45,108 45,107 44,106 45,105 45,104 46,103 46,102 46,101 46,100 47,99 48,98
166,178 167,177 168,176 169,175 170,174 171,173 172,173 173,173 174,173 175,173 176,173 177,172 177,171 177,170 177,169 177,168 177,167 177,166 177,165 178,164 179,163 180,162 180,161 180,160 180,159 180,158 180,157 180,156 179,155 178,154 177,153
