217,185 218,185 219,184 219,183 220,182 220,181 219,180 218,179 217,178 216,177 216,176 217,175 218,174 219,174 220,174 221,175 222,175 223,175 224,175 225,175 226,175 227,175 228,176 229,177 230,178 231,179 231,180 232,181 231,182 230,183 229,184 228,185 228,186 227,187 226,188 227,189 227,190 227,191 227,192 227,193 226,194 225,194 224,195 223,194 222,195 221,194 221,193 220,192 219,191 218,191 217,190 216,190 215,190 214,189 213,188 213,187 213,186 214,185 215,185 216,185
197,233 198,234 199,234 200,235 201,234 202,234 203,233 204,232 204,231 203,230 202,229 201,228 200,228 199,227 198,227 197,227 196,227 195,227 194,228 193,229 192,230 191,230 190,230 189,231 188,231 187,231 186,231 185,231 184,230 183,231 182,232 181,233 181,234 181,235 181,236 182,237 183,238 184,237 185,236 186,236 187,235 188,235 189,235 190,235 191,236 192,236 193,236 194,235 195,234 196,234
212,210 212,209 212,208 213,207 214,206 215,205 216,204 217,204 218,205 219,206 219,207 220,208 219,209 218,209 217,210 216,211 215,212 214,213 213,214 212,214 211,214 210,214 209,214 208,213 209,212 210,212 211,211
26,64 26,63 26,62 27,61 28,61 29,61 30,60 31,60 32,60 33,61 34,62 35,63 36,63 37,62 38,63 38,64 39,65 39,66 39,67 38,68 37,69 36,70 35,71 34,71 33,72 32,71 31,71 30,70 29,69 28,68 28,67 27,66 27,65
170,168 170,167 169,166 168,165 167,164 166,164 165,164 164,165 164,166 163,167 163,168 162,169 161,170 160,171 159,172 160,173 161,174 162,174 163,174 164,173 165,172 166,172 167,171 168,171 169,170 169,169
110,152 109,153 110,154 111,154 112,155 113,156 114,157 114,158 115,159 116,159 117,159 118,158 119,157 120,157 121,156 122,155 123,156 124,157 125,158 126,158 127,157 128,157 129,156 129,155 128,154 127,154 126,153 125,153 124,153 123,153 122,152 121,151 120,151 119,150 118,150 117,150 116,149 115,148 116,147 116,146 117,145 117,144 116,143 115,142 114,142 113,143 112,144 112,145 112,146 112,147 112,148 112,149 111,150 111,151
234,187 234,188 234,189 235,190 236,190 237,190 238,189 239,188 240,187 241,186 241,185 241,184 240,183 239,183 238,183 237,184 236,185 235,185 234,186
136,195 137,196 136,197 135,197 134,196 133,195 132,195 131,196 131,197 132,198 132,199 133,200 134,201 135,202 136,202 137,202 138,202 139,203 140,203 141,203 142,204 143,203 144,203 145,203 146,202 145,201 144,200 143,199 142,198 141,197 141,196 142,195 143,194 143,193 142,192 142,191 141,190 140,190 139,190 138,190 137,190 136,190 135,190 134,191 134,192 134,193 135,194
17,113 18,113 19,114 20,114 21,114 22,113 23,112 23,111 23,110 23,109 23,108 22,107 21,106 20,107 19,107 18,108 17,109 16,109 15,109 14,109 13,109 12,109 11,110 10,111 9,112 10,113 11,114 12,115 13,115 14,115 15,114 16,113
55,32 55,33 55,34 55,35 55,36 56,37 57,38 58,39 59,39 60,40 61,41 60,42 61,43 61,44 61,45 62,46 63,47 64,47 65,47 66,47 67,46 68,45 69,44 69,43 70,42 71,42 72,42 73,41 73,40 74,39 74,38 73,37 72,36 71,36 70,35 69,35 68,34 67,34 66,34 65,35 64,36 63,36 62,35 62,34 61,33 60,32 60,31 59,30 59,29 58,28 57,28 56,29 56,30 56,31
20,145 20,144 21,143 22,143 23,143 24,143 25,144 26,145 27,146 28,146 29,147 30,148 30,149 29,150 28,151 27,151 26,150 26,149 25,148 24,147 23,147 22,147 21,146
74,226 75,226 76,226 77,227 78,227 79,227 80,228 81,228 82,228 83,227 84,226 85,225 86,225 87,225 88,226 89,227 90,227 91,227 92,227 93,227 94,226 95,226 96,225 97,226 98,227 97,228 97,229 97,230 96,231 97,232 96,233 95,233 94,234 95,235 96,235 97,235 98,236 99,236 100,237 100,238 100,239 100,240 99,241 98,242 97,242 96,242 95,242 94,241 93,241 92,240 91,240 90,240 89,239 88,238 88,237 88,236 89,235 89,234 89,233 88,232 87,231 86,232 85,231 84,232 83,233 82,234 82,235 81,236 80,235 79,234 78,234 77,233 76,232 75,232 74,232 73,232 72,232 71,231 71,230 70,229 70,228 71,227 72,226 73,226
185,114 186,114 187,114 188,114 189,113 190,112 190,111 189,110 189,109 188,108 187,107 188,106 188,105 188,104 189,103 190,103 191,104 192,104 193,104 194,104 195,103 195,102 195,101 195,100 195,99 195,98 195,97 195,96 196,95 195,94 195,93 196,92 197,92 198,92 199,92 200,92 201,91 202,90 203,89 203,88 203,87 203,86 203,85 203,84 204,83 204,82 203,81 202,81 201,81 200,81 199,81 198,82 198,83 198,84 197,85 196,85 195,85 194,86 193,87 193,88 192,89 191,89 190,89 189,88 188,88 187,88 186,88 185,89 185,90 185,91 186,92 187,93 188,94 189,95 188,96 187,97 186,97 185,97 184,96 183,96 182,95 181,95 180,95 179,96 178,97 179,98 178,99 179,100 179,101 180,102 181,103 181,104 180,105 179,106 178,106 177,105 176,106 175,106 174,107 173,108 174,109 175,110 176,110 177,111 178,111 179,112 180,112 181,113 182,113 183,113 184,114
193,128 192,128 191,129 191,130 191,131 191,132 191,133 192,134 192,135 192,136 192,137 191,138 191,139 191,140 190,141 190,142 190,143 191,144 192,144 193,144 194,143 195,143 196,142 197,142 198,142 199,142 200,143 201,144 202,144 203,144 204,144 205,144 206,143 206,142 207,141 208,140 209,140 210,140 211,140 212,141 213,142 214,142 215,141 216,140 216,139 217,138 218,138 219,139 220,139 221,139 222,139 223,138 223,137 222,136 221,135 220,134 220,133 220,132 220,131 221,130 220,129 219,128 218,128 217,128 216,129 215,130 214,131 214,132 213,133 212,134 212,135 211,136 210,136 209,136 208,136 207,136 206,136 205,137 204,138 203,139 202,139 201,140 200,139 200,138 200,137 199,136 198,135 197,134 197,133 198,132 198,131 199,130 199,129 198,128 197,128 196,128 195,127 194,127
36,44 35,44 34,44 33,45 33,46 34,47 35,47 36,48 36,49 36,50 36,51 35,52 34,52 33,52 32,52 31,52 30,53 29,54 30,55 31,55 32,55 33,56 34,56 35,55 36,55 37,55 38,56 39,56 40,57 41,56 41,55 41,54 41,53 40,52 40,51 39,50 38,49 39,48 38,47 39,46 40,46 41,46 42,46 43,45 44,44 44,43 43,42 42,41 41,41 40,41 39,41 38,41 37,42 37,43
145,119 145,120 145,121 145,122 144,123 143,123 142,124 141,124 140,123 139,122 139,121 139,120 139,119 139,118 139,117 138,116 137,116 136,116 135,115 135,114 134,113 134,112 134,111 134,110 134,109 134,108 135,107 136,107 137,107 138,108 138,109 139,110 140,111 141,111 142,110 143,109 143,108 144,107 144,106 143,105 142,104 141,104 140,104 139,104 138,103 138,102 139,101 140,101 141,100 142,99 143,100 143,101 144,102 145,103 146,104 147,104 148,104 149,105 149,106 149,107 149,108 148,109 147,110 146,111 146,112 146,113 145,114 145,115 145,116 145,117 145,118
237,67 238,68 239,69 239,70 240,71 240,72 240,73 241,74 242,75 243,76 244,75 245,74 246,73 246,72 247,71 247,70 247,69 247,68 246,67 246,66 245,65 244,64 243,63 242,62 241,61 240,61 239,60 238,60 237,61 236,62 236,63 236,64 236,65 236,66
185,189 186,189 187,188 188,188 189,189 190,189 191,190 191,191 191,192 192,193 191,194 191,195 190,196 189,196 188,195 187,194 186,193 185,193 184,193 183,194 182,193 181,194 180,195 180,196 179,197 178,198 177,198 176,199 175,198 174,198 173,197 173,196 172,195 172,194 173,193 172,192 172,191 172,190 173,189 174,188 175,188 176,188 177,188 178,188 179,188 180,188 181,188 182,188 183,188 184,188
89,129 89,128 89,127 90,126 91,125 92,125 93,124 94,124 95,123 94,122 93,121 92,121 91,121 90,120 89,120 88,121 87,121 86,122 86,123 85,124 84,125 83,126 82,126 81,126 80,126 79,126 78,126 77,127 76,128 75,128 74,127 73,127 72,126 71,126 70,126 69,127 68,128 69,129 69,130 70,131 71,132 72,132 73,132 74,131 75,131 76,131 77,130 78,130 79,130 80,129 81,129 82,129 83,129 84,130 85,131 86,131 87,131 88,130
32,229 32,230 32,231 32,232 32,233 32,234 31,235 30,235 29,236 28,237 28,238 29,239 30,239 31,240 32,240 33,239 34,238 34,237 34,236 35,235 36,234 36,233 36,232 36,231 37,230 38,230 39,230 40,230 41,230 42,229 43,228 43,227 42,226 41,225 40,225 39,225 38,225 37,224 37,223 37,222 37,221 36,220 35,220 34,221 33,222 33,223 33,224 33,225 33,226 33,227 32,228
200,105 201,105 202,105 203,106 203,107 204,108 205,108 206,107 207,107 208,107 209,107 210,107 211,108 212,109 212,110 212,111 212,112 211,113 211,114 210,115 209,116 209,117 209,118 209,119 210,120 210,121 210,122 211,123 211,124 212,125 212,126 212,127 211,128 210,128 209,128 208,128 207,128 206,127 205,127 204,126 203,125 203,124 203,123 203,122 203,121 203,120 203,119 203,118 202,117 201,116 200,115 199,114 200,113 200,112 200,111 199,110 198,109 197,108 197,107 196,106 197,105 198,105 199,105
172,28 173,28 174,28 175,27 176,26 177,26 178,26 179,27 180,28 180,29 180,30 179,31 179,32 178,33 177,34 176,34 175,34 174,35 173,36 173,37 173,38 172,39 171,39 170,40 169,40 168,39 167,39 166,38 167,37 167,36 168,35 169,34 169,33 169,32 168,31 167,30 166,30 165,29 164,28 164,27 164,26 165,25 166,24 167,24 168,24 169,24 170,25 171,26 171,27
113,214 113,215 113,216 112,217 111,218 111,219 111,220 111,221 112,222 113,222 114,222 115,221 115,220 116,219 117,218 118,217 119,217 120,216 120,215 120,214 119,213 119,212 119,211 119,210 118,209 117,208 116,208 115,208 114,207 113,206 113,205 113,204 112,203 111,202 110,203 110,204 110,205 110,206 110,207 110,208 110,209 110,210 110,211 111,212 112,213
65,140 64,141 63,142 62,143 62,144 61,145 62,146 62,147 62,148 61,149 61,150 60,151 59,152 60,153 61,154 62,155 63,155 64,155 65,156 66,157 67,158 67,159 67,160 67,161 67,162 68,163 68,164 68,165 68,166 68,167 68,168 69,169 70,170 71,170 72,170 73,170 74,169 74,168 74,167 73,166 72,165 71,164 71,163 71,162 72,161 72,160 72,159 72,158 71,157 71,156 71,155 70,154 69,154 68,154 67,154 66,154 65,153 65,152 65,151 65,150 65,149 65,148 65,147 66,146 67,146 68,146 69,146 70,145 71,144 71,143 71,142 70,141 69,140 68,140 67,139 66,139
83,22 83,21 83,20 83,19 82,18 81,18 80,18 79,18 78,18 77,19 76,20 76,21 75,22 75,23 74,24 74,25 75,26 76,27 77,27 78,27 79,26 80,26 81,25 82,25 83,24 82,23
38,162 38,163 37,164 38,165 39,166 40,166 41,166 42,166 43,165 44,164 44,163 43,162 42,162 41,162 40,161 39,161
129,80 128,81 127,81 126,80 126,79 126,78 127,77 128,76 129,76 130,77 130,78 130,79
102,209 102,210 103,211 104,211 105,211 106,211 107,210 108,209 108,208 107,207 108,206 107,205 106,205 105,205 104,205 103,206 103,207 103,208
139,67 139,66 139,65 140,64 141,63 142,62 143,61 144,60 145,59 145,58 146,57 147,56 148,57 149,57 150,58 149,59 149,60 148,61 148,62 147,63 146,64 145,65 144,66 144,67 144,68 144,69 144,70 144,71 144,72 143,73 142,72 141,72 140,71 140,70 140,69 140,68
137,19 137,20 137,21 137,22 138,23 139,23 140,24 141,24 142,24 143,24 144,24 145,24 146,24 147,24 148,24 149,24 150,24 151,23 151,22 151,21 150,20 149,20 148,20 147,20 146,20 145,19 144,18 144,17 144,16 143,15 142,15 141,16 140,16 139,17 138,18
29,188 30,188 31,188 32,188 33,189 33,190 32,191 32,192 31,193 30,193 29,193 28,193 27,192 26,192 25,192 24,193 23,194 24,195 25,196 26,197 27,198 28,198 29,199 29,200 29,201 29,202 28,203 28,204 28,205 28,206 29,207 29,208 29,209 30,210 30,211 29,212 28,213 27,214 26,215 25,216 24,216 23,216 22,216 21,215 20,214 20,213 21,212 22,212 23,211 24,210 25,209 24,208 24,207 23,206 22,206 21,205 21,204 21,203 21,202 21,201 20,200 19,200 18,199 18,198 17,197 17,196 17,195 18,194 19,193 20,192 19,191 20,190 21,189 21,188 22,187 23,187 24,187 25,188 26,188 27,188 28,188
17,220 17,219 16,218 15,217 15,216 14,215 15,214 14,213 13,213 12,214 12,215 11,216 11,217 10,218 9,219 10,220 10,221 11,222 12,222 13,223 14,223 15,223 16,223 17,223 18,223 19,224 20,224 21,224 22,225 23,226 24,225 25,224 26,223 27,222 28,221 28,220 27,219 26,218 25,218 24,219 24,220 23,221 22,222 21,221 20,221 19,221 18,221
217,103 217,102 217,101 216,100 216,99 217,98 218,98 219,99 220,100 220,101 221,102 222,103 223,104 224,105 225,104 226,103 226,102 226,101 227,100 228,99 229,100 230,101 231,102 231,103 232,104 232,105 232,106 231,107 230,108 229,109 228,109 227,110 226,110 225,111 224,112 223,111 222,110 221,110 220,109 219,108 218,107 218,106 218,105 218,104
148,136 147,136 146,136 145,136 144,136 143,137 144,138 145,139 146,140 146,141 147,142 147,143 148,144 149,145 150,145 151,145 152,145 153,144 154,143 154,142 153,141 152,140 151,139 150,138 149,137
235,166 234,166 233,166 232,167 232,168 231,169 232,170 232,171 231,172 231,173 232,174 233,174 234,174 235,174 236,174 237,174 238,175 239,175 240,175 241,174 241,173 241,172 240,171 239,170 238,169 237,168 236,167
220,15 220,14 220,13 220,12 220,11 219,10 218,11 217,10 216,10 215,10 214,9 213,10 212,11 212,12 212,13 212,14 212,15 213,16 213,17 214,18 215,19 216,20 216,21 216,22 217,23 218,24 219,24 220,23 220,22 220,21 219,20 218,19 218,18 218,17 219,16
38,168 39,169 39,170 40,171 40,172 40,173 40,174 39,175 38,176 37,177 36,178 35,179 34,180 33,180 32,180 31,180 30,180 29,179 28,179 27,178 26,177 27,176 28,175 29,174 29,173 28,172 27,171 27,170 27,169 27,168 27,167 27,166 27,165 28,164 29,164 30,163 31,163 32,162 32,161 32,160 33,159 34,158 34,157 34,156 35,155 36,154 37,154 38,155 38,156 38,157 37,158 37,159 37,160 36,161 35,162 34,163 33,164 33,165 33,166 34,167 35,167 36,167 37,167
176,232 176,233 175,234 175,235 174,236 174,237 174,238 175,239 175,240 175,241 175,242 175,243 174,244 173,243 172,244 171,243 171,242 170,241 170,240 170,239 171,238 171,237 171,236 170,235 169,234 170,233 171,232 172,231 172,230 172,229 171,228 170,229 169,230 168,229 167,229 166,229 165,228 165,227 165,226 165,225 166,224 167,223 168,224 169,225 170,225 171,225 172,224 172,223 172,222 172,221 171,220 170,219 169,218 170,217 171,216 172,216 173,217 174,218 175,219 176,220 177,220 178,220 179,221 180,222 181,223 180,224 180,225 179,226 179,227 178,228 177,229 177,230 176,231
132,147 132,148 132,149 131,150 130,149 129,149 128,148 128,147 127,146 127,145 127,144 128,143 129,142 130,141 131,140 132,139 133,140 134,141 134,142 133,143 133,144 133,145 132,146
225,79 226,80 227,80 228,79 229,78 230,78 231,78 232,78 233,79 233,80 232,81 231,82 230,82 229,83 228,83 227,83 226,83 225,84 224,85 223,86 222,86 221,87 221,88 220,89 219,88 218,89 217,89 216,89 215,88 214,87 215,86 215,85 216,84 217,84 218,84 219,84 220,84 221,83 221,82 220,81 220,80 220,79 221,78 222,77 223,77 224,78
9,37 10,37 11,37 12,37 13,38 14,38 15,38 16,37 17,36 17,35 17,34 18,33 17,32 17,31 18,30 19,30 20,30 21,30 22,31 23,32 24,32 25,32 26,31 26,30 27,29 28,29 29,29 30,29 31,30 32,30 33,29 34,28 34,27 35,26 35,25 35,24 36,23 36,22 36,21 37,20 38,20 39,20 40,20 41,19 42,19 43,18 44,17 44,16 44,15 44,14 44,13 43,12 42,11 41,10 40,10 39,10 38,10 37,10 36,10 35,10 34,10 33,9 32,10 31,10 30,9 30,8 30,7 29,6 28,5 27,4 26,5 25,6 24,6 23,6 22,6 21,7 20,8 20,9 21,10 22,11 23,12 24,13 25,12 26,12 27,12 28,12 29,12 30,13 31,14 32,15 33,15 34,14 35,14 36,15 37,16 37,17 36,18 35,18 34,18 33,18 32,18 31,18 30,19 29,20 30,21 30,22 31,23 31,24 30,25 29,25 28,26 27,26 26,26 25,27 24,27 23,26 22,26 21,26 20,25 19,24 18,23 17,23 16,23 15,22 15,21 14,20 14,19 14,18 14,17 14,16 13,15 12,14 12,13 12,12 12,11 12,10 12,9 11,8 10,7 10,6 9,5 9,4 8,3 7,3 6,2 5,2 4,2 3,3 2,4 2,5 3,6 3,7 3,8 3,9 3,10 3,11 4,12 5,12 6,13 7,13 8,14 8,15 9,16 9,17 10,18 10,19 10,20 11,21 11,22 12,23 12,24 12,25 11,26 10,27 9,28 9,29 8,30 7,31 6,32 5,33 4,34 3,35 3,36 4,37 5,38 6,38 7,38 8,38
155,105 155,106 155,107 155,108 155,109 155,110 155,111 155,112 156,113 157,113 158,112 159,111 159,110 159,109 160,108 161,108 162,107 163,106 164,105 165,104 166,104 167,103 168,102 169,101 168,100 167,99 166,100 165,100 164,100 163,99 162,100 161,100 160,101 159,101 158,102 157,103 156,104
85,221 86,222 87,221 86,220
120,238 120,239 119,240 118,241 118,242 117,243 116,244 115,245 114,246 113,246 112,245 111,244 111,243 111,242 112,241 112,240 113,239 113,238 113,237 113,236 113,235 113,234 114,233 113,232 114,231 115,230 116,229 116,228 116,227 116,226 117,225 118,225 119,225 120,226 121,227 122,228 122,229 122,230 121,231 121,232 120,233 119,234 119,235 120,236 120,237
103,174 104,174 105,173 104,172 103,171 102,171 101,172 100,173 99,174 100,175 101,175 102,175
16,201 17,202 18,201 17,200
90,147 90,148 90,149 91,150 91,151 92,152 92,153 92,154 92,155 91,156 90,157 89,158 89,159 89,160 89,161 89,162 90,163 91,164 92,165 93,165 94,165 95,165 96,165 97,165 98,165 99,165 100,166 101,166 102,166 103,166 104,165 105,164 105,163 104,162 103,161 102,161 101,161 100,161 99,161 98,161 97,161 96,161 95,160 95,159 95,158 96,157 97,156 98,155 98,154 98,153 97,152 96,152 95,151 95,150 95,149 95,148 94,147 93,146 92,145 91,146
3,69 2,70 1,70 0,69 0,68 0,67 0,66 0,65 0,64 0,63 1,62 2,63 3,64 4,65 5,66 4,67 4,68
172,27 173,28 174,27 173,26
232,234 231,235 230,235 229,234 228,233 227,233 226,232 225,231 225,230 225,229 225,228 226,227 227,226 228,227 229,227 230,228 231,228 232,228 233,227 233,226 234,225 235,224 235,223 235,222 235,221 236,220 237,219 238,219 239,219 240,219 241,220 242,220 243,219 244,219 245,220 246,221 247,221 248,222 247,223 247,224 247,225 247,226 246,227 246,228 245,229 244,230 243,231 242,231 241,232 240,232 239,232 238,232 237,232 236,232 235,232 234,232 233,233
122,67 122,68 122,69 122,70 122,71 122,72 123,73 124,73 125,72 126,72 127,71 128,72 129,72 130,71 131,72 132,72 133,72 134,72 135,71 135,70 135,69 135,68 134,67 133,67 132,67 131,67 130,66 129,66 128,65 127,64 126,63 125,63 124,64 123,65 122,66
32,95 32,96 32,97 32,98 33,99 34,99 35,99 36,98 37,97 38,96 39,95 40,96 41,97 41,98 42,99 42,100 42,101 43,102 44,103 44,104 45,105 45,106 45,107 44,108 44,109 45,110 45,111 46,112 47,112 48,112 49,113 50,113 51,113 52,112 52,111 51,110 50,109 50,108 49,107 49,106 49,105 50,104 51,103 51,102 50,101 49,100 48,99 47,98 46,97 46,96 45,95 45,94 45,93 45,92 46,91 47,90 48,90 49,89 50,90 51,91 52,92 53,93 54,93 55,92 55,91 55,90 55,89 55,88 54,87 53,87 52,87 51,87 50,87 49,87 48,86 47,85 46,85 45,85 44,86 43,87 43,88 42,89 41,89 40,89 39,88 38,88 37,87 36,87 35,88 35,89 35,90 35,91 35,92 34,93 33,94
47,15 47,16 47,17 47,18 48,19 49,20 50,20 51,20 52,20 53,19 53,18 53,17 52,16 51,15 50,14 49,14 48,14
206,35 206,36 207,37 208,38 208,39 209,40 210,41 211,41 212,41 213,40 213,39 213,38 213,37 212,36 212,35 213,34 214,33 215,33 216,33 217,34 218,35 218,36 218,37 218,38 217,39 216,40 216,41 216,42 217,43 217,44 218,45 217,46 216,47 216,48 215,49 214,50 213,51 212,52 211,53 210,53 209,53 208,53 207,52 207,51 206,50 205,50 204,49 203,48 203,47 202,46 202,45 202,44 201,43 201,42 202,41 203,40 203,39 202,38 201,37 200,36 199,35 198,34 198,33 199,32 200,31 201,31 202,31 203,31 204,32 205,33 206,34
122,143 123,143 124,143 125,142 125,141 125,140 125,139 125,138 124,137 123,137 122,136 121,137 120,137 119,138 119,139 118,140 119,141 120,142 121,143
94,74 95,75 96,74 95,73
22,33 23,34 24,33 23,32
151,108 152,109 153,108 152,107
170,172 171,173 172,172 171,171
184,213 185,214 186,213 185,212
231,141 230,142 229,143 228,143 227,143 226,144 225,145 225,146 226,147 226,148 227,149 228,150 229,150 230,151 231,151 232,152 233,152 234,152 235,152 236,151 237,150 238,150 239,150 240,150 241,150 242,149 243,148 243,147 243,146 242,145 241,144 240,145 239,144 238,143 237,142 237,141 237,140 238,139 238,138 238,137 239,136 238,135 237,135 236,135 235,136 234,136 233,136 232,136 231,136 230,137 230,138 230,139 230,140
49,55 49,54 49,53 48,52 48,51 48,50 48,49 49,48 49,47 49,46 49,45 50,44 51,45 52,46 53,47 54,48 55,49 56,50 55,51 54,52 54,53 53,54 52,55 52,56 53,57 54,58 54,59 54,60 53,61 52,61 51,62 50,62 49,62 48,63 47,63 46,63 45,63 44,63 43,62 43,61 43,60 44,59 45,59 46,58 47,57 48,56
145,169 145,170 146,171 146,172 146,173 145,174 144,175 143,175 142,176 141,177 141,178 141,179 141,180 141,181 142,182 143,183 144,183 145,184 145,185 145,186 144,187 144,188 144,189 144,190 144,191 144,192 145,193 146,192 147,192 148,191 149,190 150,189 149,188 149,187 148,186 148,185 147,184 148,183 149,182 149,181 149,180 150,179 150,178 150,177 150,176 151,175 150,174 151,173 152,172 152,171 152,170 152,169 152,168 151,167 150,167 149,167 148,167 147,167 146,167 145,168
172,117 173,117 174,117 175,117 176,116 177,116 178,115 179,115 180,116 181,117 181,118 180,119 179,120 178,121 177,121 176,121 175,121 174,121 173,121 172,121 171,121 170,121 169,120 169,119 169,118 170,117 171,116
107,48 107,49 107,50 107,51 106,52 105,51 105,50 104,49 104,48 103,47 102,47 101,48 100,49 99,50 98,51 97,51 96,51 95,50 94,50 93,50 92,51 91,51 90,50 90,49 90,48 91,47 92,47 93,47 94,47 95,46 96,45 97,45 98,45 99,45 100,45 101,44 101,43 101,42 101,41 101,40 102,39 103,39 104,38 105,39 106,40 106,41 106,42 106,43 106,44 107,45 107,46 107,47
87,116 88,116 89,115 90,115 91,115 92,114 92,113 92,112 91,111 90,110 89,110 88,110 87,110 86,110 85,111 84,112 83,113 83,114 82,115 82,116 83,117 84,118 85,118 86,117
201,20 202,20 203,19 204,18 204,17 203,16 202,15 202,14 201,13 201,12 200,11 199,10 198,9 197,9 196,10 196,11 196,12 196,13 196,14 196,15 196,16 196,17 196,18 197,19 198,20 199,20 200,20
131,27 132,27 133,28 134,29 133,30 133,31 133,32 133,33 133,34 133,35 132,36 131,35 130,35 129,34 128,33 127,33 126,33 125,34 124,34 123,34 122,35 121,34 120,33 120,32 120,31 121,30 122,30 123,29 124,29 125,30 126,30 127,29 128,28 129,27 130,27
179,148 180,149 180,150 179,151 179,152 178,153 177,153 176,152 175,152 174,151 173,151 172,152 171,152 170,153 169,153 168,153 167,152 166,151 165,151 164,150 163,149 163,148 163,147 163,146 162,145 162,144 163,143 164,143 165,143 166,144 167,145 168,146 169,146 170,147 171,147 172,148 173,148 174,149 175,148 176,148 177,147 178,147
181,239 181,240 180,241 180,242 180,243 181,244 182,244 183,244 184,243 185,242 185,241 185,240 184,239 183,238 182,238
5,78 6,79 7,80 8,80 9,80 10,80 11,79 12,78 13,78 14,78 15,79 16,78 17,78 18,77 18,76 18,75 17,74 16,74 15,74 14,73 14,72 13,71 12,71 11,71 10,70 9,71 8,72 8,73 7,74 7,75 6,76 6,77
188,245 189,246 190,245 189,244
78,218 79,219 80,220 79,221 79,222 78,223 77,223 76,222 76,221 75,220 74,219 73,218 72,218 71,217 71,216 71,215 71,214 71,213 71,212 72,211 73,210 74,210 75,210 76,210 77,210 78,209 79,209 80,209 81,210 81,211 81,212 81,213 81,214 80,215 79,216 79,217
172,78 171,78 170,79 169,80 168,80 167,80 166,80 165,79 164,78 163,77 164,76 164,75 163,74 162,73 161,72 161,71 160,70 161,69 161,68 162,67 163,68 164,68 165,68 166,69 167,70 168,71 169,71 170,71 171,71 172,71 173,71 174,72 175,73 176,73 177,74 178,74 179,75 180,76 181,76 182,76 183,76 184,77 184,78 184,79 185,80 185,81 185,82 185,83 184,84 183,85 182,86 182,87 181,88 180,89 179,90 178,91 177,90 176,90 175,89 176,88 176,87 177,86 178,85 179,85 180,84 180,83 180,82 179,81 178,81 177,81 176,81 175,80 174,81 173,80 173,79
212,146 211,146 210,146 209,146 208,146 207,146 206,147 207,148 208,149 209,149 210,150 211,150 212,150 213,149 214,148 213,147
152,94 153,95 154,95 155,94 154,93 153,93
115,123 114,123 113,123 112,123 111,123 110,124 109,123 109,122 109,121 109,120 110,119 110,118 109,117 109,116 110,115 109,114 108,113 107,112 106,111 107,110 107,109 107,108 107,107 107,106 108,105 109,105 110,105 111,106 112,106 113,106 114,107 115,108 115,109 115,110 114,111 114,112 114,113 114,114 114,115 114,116 114,117 115,118 116,118 117,119 118,120 119,121 120,122 121,123 121,124 121,125 120,126 119,126 118,127 117,126 117,125 116,124
18,163 19,163 20,163 21,164 22,165 22,166 22,167 22,168 21,169 20,169 19,169 18,169 17,169 16,168 15,167 14,167 13,166 12,165 12,164 11,163 11,162 11,161 11,160 11,159 11,158 11,157 11,156 10,155 9,154 9,153 8,152 9,151 9,150 9,149 9,148 10,147 10,146 11,145 11,144 11,143 10,142 11,141 10,140 11,139 12,138 13,138 14,139 15,140 15,141 15,142 15,143 16,144 17,144 18,145 19,146 20,146 21,147 20,148 19,149 18,150 18,151 18,152 18,153 18,154 18,155 18,156 17,157 17,158 17,159 17,160 17,161 17,162
119,130 120,131 121,131 122,130 121,129 120,129
53,161 53,160 52,159 52,158 53,157 54,156 55,156 56,156 57,157 58,158 59,159 59,160 60,161 61,161 62,161 63,162 63,163 63,164 62,165 62,166 62,167 63,168 64,168 65,169 66,170 66,171 66,172 66,173 66,174 66,175 66,176 65,177 64,176 63,175 62,175 61,174 61,173 61,172 60,171 60,170 60,169 59,168 58,167 57,166 56,165 56,164 55,163 54,162
42,240 43,240 44,240 45,240 46,240 47,241 48,241 49,242 50,241 51,241 52,241 53,240 54,239 53,238 52,237 51,237 50,236 49,235 48,235 47,234 46,234 45,234 44,235 43,235 42,235 41,235 40,236 39,237 39,238 39,239 40,240 41,240
96,202 97,203 98,202 97,201
168,50 168,51 168,52 169,53 170,54 171,54 172,53 173,53 174,52 174,51 175,50 176,50 177,49 178,49 179,48 180,48 181,47 181,46 181,45 180,44 179,43 179,42 178,41 177,42 176,43 175,44 175,45 174,46 173,46 172,46 171,46 170,46 169,47 168,48 168,49
141,4 142,4 143,5 143,6 143,7 143,8 142,9 141,9 140,9 139,9 138,9 137,9 136,8 137,7 137,6 138,5 138,4 139,3 140,3
176,212 176,211 177,210 178,210 179,210 180,211 181,212 181,213 180,214 179,214 178,214 177,213
117,91 117,92 116,93 116,94 115,95 114,96 113,97 112,98 111,99 110,99 109,100 108,101 107,102 107,103 106,104 105,105 104,105 103,104 103,103 103,102 102,101 102,100 103,99 104,98 105,97 106,96 107,95 108,94 109,94 110,93 111,92 112,91 113,90 114,89 115,89 116,88 117,87 118,86 119,86 120,87 120,88 119,89 118,89 117,90
189,67 190,67 191,67 192,66 193,66 194,66 195,66 196,67 195,68 195,69 195,70 195,71 194,72 193,72 192,72 191,71 190,70 189,70 188,70 187,70 186,70 185,70 184,70 183,70 182,70 181,70 180,70 179,69 178,68 178,67 177,66 177,65 177,64 177,63 178,62 179,62 180,63 181,64 182,65 183,66 184,66 185,66 186,66 187,65 188,66
188,214 189,215 190,216 191,217 192,217 193,216 194,216 195,215 196,214 197,213 198,213 199,213 200,213 201,212 202,212 203,212 204,212 205,212 206,213 207,214 207,215 207,216 207,217 206,218 206,219 205,220 204,220 203,220 202,220 201,220 200,219 199,219 198,219 197,220 196,221 196,222 195,223 194,224 193,223 192,222 191,221 191,220 190,219 189,219 188,220 187,220 186,219 185,219 184,218 184,217 184,216 184,215 185,214 186,213 187,213
34,183 33,184 33,185 32,186 32,187 32,188 33,189 34,189 35,190 36,190 37,191 37,192 38,193 39,193 40,193 41,193 42,193 43,192 44,191 44,190 44,189 44,188 43,187 43,186 42,185 41,184 41,183 40,182 39,183 38,183 37,183 36,182 35,182
200,182 200,181 201,180 202,179 203,179 204,179 205,180 206,181 207,181 208,182 207,183 206,183 205,184 204,185 203,186 203,187 202,188 201,189 200,189 199,189 198,188 197,187 198,186 199,185 199,184 199,183
204,240 204,241 203,242 202,242 201,243 200,243 199,244 198,245 197,246 197,247 196,248 197,249 198,249 199,249 200,249 201,249 202,249 203,249 204,249 205,249 206,249 207,249 208,249 209,248 210,247 210,246 211,245 211,244 211,243 211,242 210,241 209,240 209,239 208,238 207,238 206,238 205,239
139,186 140,187 141,186 140,185
100,196 101,196 102,197 103,197 104,196 105,195 106,194 107,193 108,193 109,192 110,192 111,192 112,193 112,194 111,195 111,196 111,197 110,198 109,199 108,200 107,200 106,200 105,200 104,200 103,199 102,199 101,200 100,200 99,200 98,199 97,199 96,198 95,198 94,197 94,196 95,195 96,194 97,195 98,195 99,195
106,174 107,175 108,174 107,173
69,240 68,240 67,240 66,241 67,242 68,242 69,242 70,241
124,8 125,9 126,9 127,10 128,10 129,10 130,10 131,11 132,12 133,13 134,13 135,13 136,12 136,11 137,10 137,9 136,8 135,7 134,7 133,7 132,6 131,6 130,6 129,5 128,4 127,4 126,4 125,5 124,6 123,7
82,33 82,34 83,35 84,35 85,34 86,33 86,32 86,31 86,30 85,29 84,30 83,31 82,32
207,58 208,58 209,59 209,60 210,61 210,62 209,63 208,64 207,64 206,64 205,64 204,64 203,65 204,66 204,67 205,68 206,68 207,69 208,68 209,69 210,70 210,71 210,72 210,73 210,74 211,75 212,75 213,74 214,73 215,72 216,71 217,72 217,73 218,74 217,75 216,76 215,77 215,78 215,79 214,80 213,81 212,82 211,82 210,82 209,81 208,81 207,80 206,79 206,78 205,77 205,76 205,75 204,74 203,73 202,72 201,72 200,71 201,70 200,69 200,68 200,67 200,66 200,65 199,64 198,63 198,62 198,61 198,60 198,59 198,58 198,57 199,56 200,56 201,57 202,57 203,58 204,58 205,58 206,58
17,173 16,173 15,172 14,171 14,170 13,169 12,169 11,170 11,171 11,172 11,173 11,174 11,175 11,176 10,177 9,178 8,179 8,180 8,181 9,182 10,183 11,184 12,185 13,186 14,187 15,187 16,187 17,186 18,186 19,186 20,185 21,184 21,183 21,182 21,181 21,180 20,179 19,179 18,179 17,180 16,180 15,180 14,179 13,178 14,177 15,177 16,177 17,177 18,177 19,176 19,175 18,174
151,242 152,243 152,244 151,245 150,246 150,247 149,248 148,249 147,249 146,249 145,249 144,249 143,248 142,247 141,247 140,246 141,245 141,244 141,243 142,242 142,241 143,240 144,239 145,238 146,239 147,239 148,240 149,241 150,241
