249,55 249,56 249,57 248,58 247,58 246,58 245,59 244,60 243,60 242,60 241,60 240,59 239,59 238,58 239,57 240,56 241,56 242,56 243,56 244,56 245,55 245,54 246,53 247,53 248,52 249,53 249,54
46,0 47,0 48,0 49,0 50,0 51,0 52,1 52,2 52,3 51,4 50,5 49,5 48,5 47,4 46,4 45,3 44,4 43,4 42,4 41,3 40,2 40,1 41,0 42,0 43,0 44,0 45,0
27,237 26,237 25,237 24,237 23,236 22,235 23,234 23,233 24,232 24,231 23,230 23,229 22,228 23,227 23,226 24,225 25,224 26,224 27,224 28,224 29,224 30,224 31,225 32,226 32,227 32,228 32,229 31,230 31,231 30,232 29,233 30,234 30,235 31,236 32,236 33,236 34,236 35,236 36,237 35,238 35,239 34,240 33,240 32,240 31,240 30,239 29,239 28,238
9,160 10,161 9,162 10,163 11,164 12,164 13,165 14,164 15,164 16,164 17,164 18,164 19,164 20,165 20,166 20,167 20,168 20,169 21,170 22,170 23,171 24,170 25,171 26,171 27,172 28,172 29,172 30,172 31,172 32,172 33,172 34,172 35,173 36,173 37,173 38,174 39,173 40,172 40,171 40,170 39,169 38,168 37,168 36,168 35,168 34,167 33,167 32,167 31,166 30,166 29,165 28,164 27,164 26,163 25,163 24,162 23,162 22,162 21,161 20,161 19,161 18,160 17,160 16,159 15,158 14,157 14,156 15,155 15,154 16,153 16,152 16,151 15,150 14,150 13,151 12,152 11,153 11,154 11,155 12,156 12,157 11,158 10,159
101,221 102,221 103,220 104,220 105,219 106,218 107,217 108,217 109,218 109,219 110,220 110,221 110,222 110,223 109,224 108,225 108,226 108,227 108,228 107,229 107,230 107,231 107,232 108,233 109,234 110,235 111,236 110,237 109,237 108,238 107,239 106,240 105,240 104,241 103,242 102,242 101,242 100,242 99,241 99,240 100,239 101,238 102,237 102,236 103,235 103,234 104,233 105,232 104,231 103,231 102,230 101,230 100,230 99,229 98,228 97,227 98,226 98,225 98,224 98,223 99,222 100,221
62,10 62,11 61,12 61,13 61,14 61,15 61,16 61,17 60,18 59,18 58,18 57,18 56,17 55,16 54,15 55,14 55,13 54,12 53,11 52,11 51,11 50,10 49,10 48,11 47,12 46,13 47,14 48,15 48,16 47,17 47,18 47,19 47,20 47,21 48,22 49,22 50,22 51,22 52,21 53,20 54,20 55,21 56,22 56,23 57,24 58,24 59,25 58,26 59,27 59,28 60,29 60,30 61,31 62,32 63,33 64,33 65,32 66,32 67,31 67,30 66,29 65,28 64,27 63,26 63,25 63,24 63,23 64,22 64,21 64,20 65,19 66,18 66,17 67,16 68,15 69,15 70,15 71,15 72,16 73,17 74,18 75,19 76,19 77,18 78,18 79,18 80,17 81,17 82,16 83,15 83,14 83,13 83,12 82,11 81,11 80,11 79,11 78,11 77,11 76,11 75,11 74,11 73,11 72,11 71,11 70,12 69,12 68,11 68,10 68,9 69,8 69,7 68,6 67,6 66,6 65,7 64,7 63,8 62,9
215,3 215,2 215,1 216,0 217,0 218,0 219,0 220,0 221,0 222,0 223,0 224,0 225,0 226,0 227,0 228,0 229,0 230,0 231,0 232,1 232,2 231,3 231,4 231,5 230,6 229,5 228,6 227,5 226,4 225,4 224,4 223,4 222,4 221,4 220,5 219,6 220,7 221,7 222,8 223,8 224,8 225,9 226,10 226,11 226,12 226,13 225,14 224,13 223,13 222,12 221,11 221,10 220,9 219,9 218,10 217,10 216,11 215,11 214,10 213,9 212,8 213,7 213,6 213,5 214,4
241,150 242,151 243,152 244,151 245,150 246,149 247,148 248,148 249,147 249,146 249,145 248,144 247,144 246,143 246,142 245,141 244,140 243,140 242,141 242,142 241,143 241,144 240,145 239,145 238,146 239,147 239,148 240,149
29,4 28,4 27,3 28,2 29,1 30,1 31,0 32,1 33,2 33,3 32,4 31,4 30,5
143,129 143,128 142,127 141,126 140,127 139,128 140,129 141,130 142,130
7,149 8,149 9,149 10,148 11,147 11,146 11,145 12,144 11,143 10,142 9,141 8,140 7,140 6,141 5,142 4,143 3,143 2,143 1,142 0,143 0,144 0,145 0,146 0,147 0,148 0,149 0,150 1,151 1,152 2,153 3,153 4,152 5,151 6,150
151,41 150,42 149,42 148,43 147,42 147,41 147,40 147,39 148,38 149,37 150,37 151,37 152,38 152,39 152,40
144,45 145,46 144,47 145,48 146,49 147,49 148,49 149,48 150,47 149,46 148,45 147,45 146,44 145,44
51,132 51,131 50,130 49,130 48,129 49,128 50,127 50,126 49,125 50,124 51,124 52,124 53,125 54,126 54,127 55,128 56,129 57,129 58,128 59,128 60,128 61,127 62,128 63,129 63,130 63,131 63,132 62,133 61,134 60,135 61,136 62,137 63,137 64,138 65,138 66,139 66,140 65,141 64,142 63,141 62,140 61,140 60,139 59,139 58,140 57,141 56,142 55,142 54,141 53,141 52,141 51,141 50,140 49,139 49,138 49,137 50,136 51,135 52,134 52,133
11,235 12,236 13,235 12,234
197,122 197,123 198,124 199,124 200,124 201,123 201,122 202,121 202,120 202,119 202,118 201,117 200,117 199,118 198,119 198,120 197,121
197,34 197,35 198,36 199,36 200,36 201,35 201,34 202,33 203,32 203,31 203,30 204,29 204,28 204,27 205,26 205,25 206,24 206,23 206,22 205,21 204,21 203,21 202,21 201,22 200,23 199,24 200,25 200,26 199,27 198,28 198,29 197,30 197,31 196,32 196,33
107,212 106,212 105,212 104,212 103,212 102,213 101,214 101,215 102,216 103,217 104,217 105,216 106,215 107,214 108,215 109,215 110,216 111,216 112,216 113,216 114,215 115,215 116,214 115,213 114,212 113,211 112,211 111,211 110,211 109,211 108,211
70,50 71,50 72,51 73,52 74,52 75,53 76,53 77,52 76,51 77,50 78,49 78,48 78,47 79,46 79,45 79,44 80,43 80,42 80,41 79,40 78,39 77,38 76,38 75,39 75,40 74,41 73,42 72,43 71,43 70,44 69,45 69,46 68,47 69,48 69,49
189,118 189,119 188,120 188,121 187,122 186,123 185,123 184,124 183,125 183,126 184,127 185,127 186,127 187,127 188,126 189,126 190,125 191,125 192,125 193,125 194,124 194,123 195,122 195,121 194,120 194,119 193,118 192,117 191,116 190,116 189,117
168,161 169,161 170,161 171,161 172,161 173,162 172,163 171,164 170,165 169,164 168,164 167,165 166,165 165,166 166,167 167,168 168,168 169,168 170,169 171,169 172,168 173,169 174,170 175,171 175,172 175,173 175,174 175,175 174,176 173,177 172,176 171,175 170,174 169,173 168,173 167,173 166,173 165,173 164,173 163,173 162,172 161,172 160,172 159,171 160,170 159,169 160,168 159,167 159,166 159,165 159,164 160,163 160,162 161,161 162,161 163,160 164,160 165,160 166,160 167,161
15,37 14,37 13,37 12,36 11,35 11,34 11,33 11,32 12,31 13,31 14,31 15,31 16,31 17,32 18,33 18,34 18,35 18,36 17,37 16,38
81,112 81,113 81,114 82,115 83,116 84,116 85,116 86,115 87,114 87,113 87,112 87,111 87,110 87,109 87,108 86,107 85,107 84,107 83,106 82,105 81,105 80,104 79,105 78,105 77,105 76,106 77,107 77,108 78,109 79,110 80,111
207,112 207,113 206,114 205,115 204,116 203,116 202,116 201,116 200,116 199,116 198,115 197,114 197,113 196,112 196,111 197,110 197,109 198,108 199,107 200,106 201,106 202,105 203,105 204,106 205,107 205,108 206,109 206,110 207,111
159,213 158,214 158,215 158,216 158,217 158,218 157,219 156,220 155,220 154,219 153,218 153,217 153,216 153,215 153,214 154,213 154,212 154,211 154,210 154,209 154,208 155,207 156,207 157,207 158,208 159,209 160,210 160,211 160,212
112,246 112,247 111,248 110,248 109,248 108,247 108,246 108,245 109,244 110,244 111,244 112,245
175,32 175,31 176,30 177,30 178,30 179,30 180,30 181,31 181,32 182,33 182,34 182,35 182,36 181,37 181,38 180,39 179,40 179,41 179,42 179,43 179,44 178,45 177,46 176,46 175,46 174,45 174,44 174,43 174,42 174,41 173,40 172,40 171,41 170,40 169,39 168,39 167,39 166,38 166,37 166,36 165,35 164,34 163,33 162,33 161,32 160,31 160,30 159,29 158,28 158,27 158,26 158,25 158,24 159,23 160,22 161,23 162,24 163,25 164,26 165,26 166,25 167,25 168,25 169,26 170,27 171,28 172,29 172,30 173,31 173,32 174,33
241,94 241,95 241,96 241,97 242,98 242,99 243,100 244,101 245,101 246,100 247,99 248,99 249,98 249,97 249,96 249,95 249,94 249,93 249,92 249,91 249,90 249,89 248,88 247,87 246,87 245,86 244,85 243,84 242,83 241,82 240,82 239,82 238,83 238,84 239,85 240,86 240,87 240,88 240,89 240,90 240,91 240,92 241,93
89,151 88,151 87,152 86,153 87,154 88,155 89,155 90,155 91,155 92,155 93,155 94,154 94,153 94,152 93,151 92,150 91,150 90,150
106,81 107,82 108,81 107,80
11,74 12,74 13,75 14,76 14,77 14,78 13,79 12,79 11,80 10,80 9,79 8,79 7,78 7,77 8,76 9,75 10,74
50,203 50,202 50,201 50,200 49,199 48,199 47,199 46,199 45,200 44,201 43,202 42,202 41,201 40,201 39,200 38,199 37,199 36,198 35,199 34,200 34,201 34,202 35,203 35,204 35,205 35,206 35,207 36,208 37,208 38,208 39,209 40,208 41,208 42,208 43,209 44,209 45,209 46,208 47,208 48,207 49,206 49,205 49,204
115,77 116,78 117,79 118,80 119,80 120,80 121,79 122,78 122,77 122,76 121,75 120,74 119,74 118,73 117,73 116,73 115,72 115,71 116,70 117,70 118,70 119,70 120,69 121,68 122,67 122,66 121,65 120,64 119,63 118,62 118,61 118,60 118,59 117,58 116,57 115,57 114,57 113,56 112,56 111,56 110,55 109,56 108,57 107,58 107,59 108,60 109,60 110,60 111,61 112,61 113,61 114,62 115,63 116,64 115,65 115,66 114,67 113,68 112,69 111,70 111,71 111,72 111,73 112,74 113,75 114,76
183,87 182,87 181,87 180,88 179,89 179,90 178,91 177,91 176,91 175,90 174,90 173,90 172,90 171,91 170,91 169,91 168,91 167,90 167,89 167,88 167,87 167,86 168,85 167,84 166,83 165,82 165,81 165,80 164,79 165,78 166,77 167,77 168,78 169,78 170,79 171,79 172,79 173,80 174,81 174,82 174,83 174,84 174,85 174,86 175,87 176,87 177,87 178,86 178,85 178,84 178,83 178,82 178,81 177,80 176,79 175,79 174,78 173,77 173,76 173,75 174,74 174,73 175,72 176,73 177,73 178,73 179,74 180,74 181,73 181,72 181,71 181,70 182,69 183,69 184,70 185,70 186,70 187,70 188,70 189,70 190,70 191,71 192,72 192,73 191,74 191,75 191,76 190,77 189,78 188,79 187,80 186,80 185,81 186,82 187,83 188,83 189,84 190,85 190,86 190,87 189,88 188,89 187,90 186,90 185,89 184,88
117,138 116,139 115,140 115,141 116,142 117,141 118,141 119,141 120,141 121,141 122,142 123,142 124,142 125,142 126,142 127,141 128,141 129,140 130,139 131,139 132,138 133,139 134,139 135,140 136,140 137,139 138,138 139,137 139,136 138,135 137,134 136,135 135,135 134,136 133,136 132,135 131,134 131,133 130,132 130,131 129,130 128,131 128,132 128,133 128,134 128,135 128,136 127,137 126,137 125,138 124,137 123,137 122,136 121,135 120,135 119,135 118,136 118,137
120,220 121,221 120,222 119,223 118,224 117,224 116,225 116,226 116,227 117,228 118,228 119,228 120,228 121,228 122,228 123,228 124,228 125,228 126,227 127,226 128,225 128,224 128,223 127,222 127,221 127,220 128,219 128,218 128,217 127,216 126,216 125,216 124,215 124,214 125,213 125,212 126,211 126,210 127,209 128,208 129,207 129,206 128,205 128,204 127,203 126,202 126,201 127,200 128,200 129,200 130,200 131,200 132,200 133,200 134,201 134,202 135,203 134,204 134,205 134,206 134,207 134,208 135,209 136,210 137,210 138,210 139,211 140,211 141,211 142,212 143,212 144,212 145,212 146,211 147,210 147,209 146,208 145,208 144,207 143,207 142,207 141,206 140,205 140,204 139,203 139,202 139,201 139,200 139,199 139,198 138,197 137,196 136,196 135,195 134,194 133,193 133,192 132,191 131,190 130,190 129,190 128,191 127,192 127,193 127,194 126,195 125,195 124,194 124,193 123,192 122,191 121,190 120,190 119,189 118,188 117,188 116,187 115,187 114,188 114,189 114,190 114,191 115,192 116,192 117,193 118,194 118,195 117,196 116,197 115,198 115,199 116,200 117,200 118,200 119,200 120,200 121,201 122,202 123,203 123,204 123,205 123,206 123,207 122,208 122,209 121,210 120,211 119,212 118,213 117,214 116,215 115,216 116,217 117,218 118,218 119,219
177,117 178,116 178,115 177,114 178,113 178,112 178,111 179,110 180,109 181,108 182,107 183,108 183,109 183,110 183,111 183,112 182,113 181,114 180,115 180,116 180,117 180,118 179,119 178,120 177,121 177,122 178,123 179,124 180,124 181,125 182,126 183,127 182,128 181,128 180,128 179,128 178,128 177,128 176,128 175,129 174,130 174,131 173,132 172,132 171,131 171,130 170,129 170,128 170,127 171,126 172,125 172,124 172,123 171,122 171,121 170,120 170,119 171,118 172,118 173,118 174,117 175,117 176,116
230,237 230,238 230,239 230,240 231,241 232,241 233,242 234,243 234,244 233,245 232,246 231,245 230,245 229,245 228,245 227,245 226,245 225,245 224,244 224,243 223,242 222,241 222,240 223,239 223,238 224,237 225,236 225,235 226,234 227,235 228,235 229,234 230,234 231,234 232,235 231,236
158,60 158,61 158,62 158,63 158,64 157,65 156,66 155,67 154,68 154,69 155,70 156,70 157,70 158,70 159,69 160,69 161,70 161,71 161,72 161,73 161,74 162,75 163,76 164,76 165,75 166,74 167,73 168,72 169,71 169,70 169,69 169,68 169,67 169,66 168,65 167,64 166,63 165,63 164,63 163,63 162,63 161,62 162,61 163,60 164,60 165,60 166,60 167,60 168,59 168,58 168,57 167,56 166,55 165,55 164,55 163,55 162,56 161,55 160,56 160,57 160,58 159,59
13,11 14,11 15,11 16,12 17,13 18,13 19,13 20,13 21,13 22,12 23,12 24,12 25,12 26,12 27,13 28,14 28,15 28,16 27,17 27,18 26,19 25,19 24,20 24,21 24,22 25,23 26,24 26,25 26,26 27,27 26,28 26,29 26,30 27,31 28,31 29,31 30,31 31,30 32,31 33,32 33,33 33,34 32,35 31,36 30,37 29,37 28,37 27,37 26,36 25,35 25,34 24,33 23,33 22,33 21,32 20,31 20,30 20,29 20,28 20,27 20,26 19,25 19,24 19,23 20,22 20,21 19,20 18,20 17,19 17,18 16,17 15,16 14,16 13,17 12,16 11,16 10,15 9,14 9,13 10,12 10,11 11,10 12,11
106,82 107,82 108,83 109,83 110,83 111,82 112,82 113,82 114,82 115,83 116,83 117,84 117,85 118,86 119,87 120,88 120,89 119,90 119,91 119,92 120,93 120,94 121,95 122,96 121,97 120,98 119,98 118,99 117,98 116,98 115,98 114,98 113,99 112,99 111,99 110,99 109,99 108,99 107,99 106,100 105,100 104,99 103,98 104,97 105,96 106,95 107,95 108,94 108,93 107,92 108,91 109,90 109,89 110,88 110,87 109,86 108,85 107,86 106,86 105,86 104,86 103,85 102,85 101,84 100,84 99,84 98,83 97,82 97,81 97,80 98,79 99,80 100,81 101,81 102,81 103,82 104,82 105,81
207,159 207,160 208,161 209,162 210,162 211,161 212,160 213,159 213,158 213,157 213,156 212,155 211,155 210,155 209,156 208,157 207,158
156,51 156,52 155,53 154,54 153,53 152,52 152,51 152,50 152,49 153,48 154,47 155,48 155,49 156,50
142,232 142,231 143,230 143,229 142,228 142,227 141,226 141,225 141,224 142,223 143,222 143,221 144,220 144,219 144,218 145,217 146,217 147,218 148,219 149,220 149,221 149,222 149,223 149,224 149,225 150,226 151,227 152,228 152,229 152,230 152,231 152,232 152,233 152,234 152,235 153,236 154,235 155,235 156,234 157,234 158,234 159,235 159,236 159,237 159,238 159,239 158,240 158,241 158,242 159,243 159,244 158,245 157,246 156,246 155,246 154,245 153,244 153,243 152,242 152,241 151,240 151,239 150,238 150,237 149,236 148,235 147,234 146,233 145,233 144,234 143,235 142,235 141,234 141,233
226,57 226,56 227,55 228,54 229,54 230,55 230,56 230,57 229,58 228,58 227,59 226,60 226,61 226,62 227,63 226,64 225,65 224,64 224,63 224,62 223,61 222,61 221,61 220,60 219,59 218,58 218,57 218,56 219,55 220,55 221,55 222,56 223,57 224,58 225,58
96,109 96,108 97,107 98,106 97,105 97,104 96,103 95,103 94,102 93,102 92,103 91,104 91,105 91,106 91,107 92,108 93,109 93,110 93,111 93,112 93,113 93,114 94,115 95,115 96,115 97,116 97,117 98,118 99,119 100,120 101,120 102,120 103,119 104,118 104,117 103,116 103,115 103,114 103,113 104,112 103,111 102,111 101,111 100,110 99,110 98,110 97,110
138,41 137,42 136,42 135,42 134,41 134,40 134,39 135,38 136,37 137,36 138,35 139,35 140,34 141,34 142,35 142,36 142,37 141,38 140,39 139,40
21,213 21,214 21,215 21,216 21,217 21,218 21,219 20,220 20,221 20,222 21,223 22,224 23,224 24,223 25,222 25,221 25,220 26,219 26,218 27,217 28,217 29,216 30,216 31,215 32,214 32,213 32,212 31,211 30,210 29,210 28,210 27,209 26,209 25,209 24,209 23,210 22,211 22,212
183,17 184,17 185,17 186,17 187,16 188,15 189,14 189,13 189,12 188,11 187,11 186,10 185,10 184,10 183,9 182,9 181,9 180,9 179,8 178,8 177,8 176,8 175,8 174,9 174,10 174,11 175,12 175,13 175,14 175,15 175,16 175,17 175,18 176,19 177,20 178,19 179,18 180,17 181,17 182,18
210,34 210,35 211,36 211,37 212,38 213,39 214,39 215,40 216,41 216,42 217,43 218,42 219,42 220,41 221,41 222,40 223,39 223,38 223,37 223,36 223,35 224,34 225,33 225,32 226,31 226,30 227,29 227,28 227,27 226,26 225,26 224,27 224,28 223,29 222,30 221,31 220,31 219,30 218,29 217,28 216,27 215,26 215,25 215,24 216,23 217,22 218,21 218,20 217,19 216,20 215,20 214,20 213,20 212,19 212,18 212,17 213,16 213,15 212,14 211,14 210,13 209,13 208,14 207,14 206,14 205,15 204,16 205,17 205,18 206,19 207,19 208,20 208,21 208,22 208,23 209,24 210,25 211,26 212,27 212,28 212,29 211,30 210,31 209,32 210,33
205,51 206,52 207,51 206,50
111,167 112,168 113,168 114,168 115,169 116,169 117,170 117,171 117,172 116,173 115,174 114,174 113,174 112,175 111,176 111,177 111,178 110,179 109,179 108,180 107,179 106,178 105,177 104,176 104,175 104,174 105,173 105,172 105,171 105,170 105,169 106,168 106,167 107,166 108,166 109,166 110,166
131,233 132,233 133,234 133,235 133,236 132,237 131,238 130,238 129,237 128,236 128,235 129,234 130,233
182,89 183,90 184,89 183,88
225,134 225,135 224,136 223,137 222,138 221,139 221,140 220,141 220,142 220,143 221,144 221,145 222,146 222,147 221,148 222,149 222,150 223,151 224,152 225,152 226,152 227,152 228,152 229,152 230,152 231,152 232,152 233,152 234,151 234,150 235,149 235,148 235,147 234,146 233,145 232,145 231,145 230,145 229,145 228,144 227,143 226,142 226,141 226,140 227,139 228,138 229,138 230,137 231,136 232,135 233,134 234,133 235,132 236,133 237,133 238,133 239,133 240,132 241,131 242,130 242,129 241,128 240,129 239,129 238,129 237,129 236,129 235,128 234,129 233,130 232,130 231,130 230,130 229,131 228,131 227,132 226,132 225,133
45,88 44,88 43,89 42,90 41,91 40,92 39,91 38,90 38,89 38,88 38,87 39,86 40,85 41,85 42,85 43,84 44,83 45,82 46,83 47,83 48,83 49,83 50,83 51,84 52,84 53,85 54,85 55,86 55,87 55,88 56,89 56,90 57,91 57,92 58,93 59,93 60,93 61,94 62,95 62,96 62,97 61,98 60,98 59,98 58,97 57,97 56,96 55,95 54,95 53,94 52,94 51,93 50,92 49,91 48,90 47,90 46,89
24,93 23,94 24,95 24,96 25,97 25,98 26,99 26,100 27,101 28,101 29,100 30,99 31,98 32,97 32,96 33,95 33,94 33,93 33,92 32,91 31,91 30,90 29,90 28,91 27,91 26,91 25,92
106,8 106,9 106,10 106,11 107,12 108,12 109,11 109,10 110,9 110,8 109,7 108,6 107,6 106,7
241,232 241,231 241,230 240,229 239,230 238,231 238,232 238,233 239,234 240,233
135,96 136,96 137,95 138,94 139,93 139,92 140,91 141,90 142,90 143,90 144,90 145,91 146,92 146,93 146,94 146,95 146,96 147,97 147,98 148,99 148,100 148,101 147,102 146,102 145,101 145,100 144,99 144,98 144,97 143,96 142,96 141,96 140,97 139,98 139,99 139,100 139,101 140,102 139,103 140,104 141,105 141,106 140,107 139,108 138,109 137,109 136,109 135,108 134,107 134,106 134,105 133,104 132,103 132,102 131,101 130,100 130,99 130,98 130,97 129,96 130,95 131,94 132,95 133,95 134,96
13,206 13,205 13,204 13,203 14,202 15,202 16,202 17,202 18,203 19,204 18,205 18,206 17,207 16,208 15,208 14,207
138,164 137,164 136,165 136,166 136,167 137,168 138,169 139,170 140,170 141,171 142,172 143,173 144,174 145,175 146,175 147,174 147,173 148,172 148,171 149,170 150,169 151,168 151,167 150,166 149,166 148,166 147,167 146,167 145,168 144,167 143,166 142,166 141,165 140,164 139,163
163,47 164,47 165,47 166,47 167,47 168,47 169,47 170,47 171,46 170,45 169,45 168,45 167,44 167,43 166,42 166,41 166,40 165,39 164,39 163,39 162,39 161,40 161,41 161,42 161,43 160,44 160,45 161,46 162,47
60,196 60,197 59,198 59,199 59,200 60,201 61,202 62,202 63,202 64,202 65,203 66,204 67,205 68,206 69,207 70,207 71,207 72,206 73,205 73,204 73,203 72,202 71,201 70,200 69,200 68,200 67,199 66,198 67,197 68,196 68,195 67,194 66,194 65,193 64,192 63,192 62,192 61,192 60,193 60,194 60,195
54,67 54,66 53,65 52,65 51,65 50,65 49,65 48,64 47,63 47,62 48,61 49,60 50,59 51,60 52,61 53,62 54,63 55,63 56,63 57,63 58,64 59,64 60,64 61,65 61,66 60,67 59,68 58,68 57,69 56,69 55,68
243,44 243,45 243,46 244,47 244,48 244,49 244,50 243,51 242,50 241,49 240,49 239,49 238,48 237,47 238,46 238,45 237,44 236,43 236,42 235,41 235,40 236,39 237,40 238,40 239,40 240,40 241,40 242,40 243,41 243,42 243,43
218,207 219,207 220,207 221,206 222,206 223,205 224,204 224,203 224,202 223,201 222,200 221,199 220,200 219,201 218,201 217,201 216,202 215,203 214,203 213,202 212,202 211,201 210,201 209,201 208,201 207,202 206,202 205,202 204,201 203,202 202,203 201,203 200,204 199,204 198,204 197,204 196,205 197,206 198,207 199,207 200,207 201,206 202,205 203,205 204,205 205,205 206,205 207,206 208,207 208,208 209,209 210,209 211,210 212,210 213,210 214,210 215,209 216,210 217,209 217,208
231,32 232,32 233,32 234,32 235,33 235,34 235,35 235,36 235,37 235,38 236,39 235,40 234,40 233,40 232,40 231,40 230,40 229,39 228,39 227,38 226,37 227,36 227,35 227,34 228,33 229,33 230,32
32,52 33,53 34,52 33,51
176,82 177,83 178,82 177,81
127,182 126,182 125,181 124,180 123,179 122,179 121,180 120,181 120,182 121,183 121,184 121,185 122,186 123,187 123,188 124,189 125,189 126,189 127,188 128,187 128,186 129,185 129,184 128,183
160,105 159,105 158,104 158,103 157,102 157,101 158,100 159,99 160,99 161,98 162,97 163,98 163,99 163,100 163,101 163,102 163,103 162,104 162,105 161,106
168,7 168,6 168,5 168,4 168,3 169,2 170,2 171,3 172,4 173,5 173,6 174,7 173,8 172,8 171,9 170,9 169,9 168,9 167,8
226,171 227,172 228,173 229,174 230,175 231,175 232,175 233,175 234,174 234,173 234,172 235,171 236,172 236,173 237,174 238,175 239,175 240,175 241,175 242,174 242,173 242,172 242,171 241,170 241,169 240,168 239,167 238,167 237,167 236,168 235,169 234,169 233,168 232,168 231,167 230,166 229,165 228,165 227,165 226,166 225,167 225,168 225,169 225,170
148,108 149,109 150,108 149,107
203,83 203,82 204,81 205,81 206,80 207,80 208,80 209,79 210,78 211,78 212,79 213,80 213,81 213,82 212,83 211,84 210,85 209,85 208,86 207,87 208,88 208,89 209,90 210,90 211,90 212,91 211,92 210,93 209,94 208,94 207,94 206,94 205,95 204,95 203,95 202,94 202,93 201,92 201,91 201,90 202,89 202,88 203,87 204,86 204,85 204,84
166,177 167,178 168,177 167,176
182,37 182,38 183,39 184,39 185,40 186,41 187,42 188,42 189,42 190,41 191,40 191,39 190,38 189,37 188,37 187,36 187,35 186,34 185,35 184,35 183,36
0,232 0,233 0,234 0,235 0,236 0,237 0,238 0,239 1,240 2,241 3,242 4,241 5,242 6,242 7,242 8,242 9,241 9,240 8,239 7,239 6,238 5,237 5,236 5,235 6,234 7,233 8,233 9,232 9,231 10,230 10,229 10,228 10,227 9,226 8,225 7,225 6,226 5,226 4,227 4,228 3,229 2,229 1,230 1,231
87,141 87,142 87,143 88,144 89,144 90,144 91,143 92,142 93,141 93,140 93,139 92,138 91,137 90,136 89,135 88,134 87,133 87,132 88,131 89,130 90,129 91,128 91,127 90,126 89,125 88,125 87,124 86,123 86,122 86,121 86,120 86,119 85,118 84,117 83,117 82,118 81,119 81,120 82,121 82,122 83,123 84,124 83,125 83,126 82,127 81,128 80,129 80,130 80,131 80,132 80,133 80,134 79,135 79,136 79,137 79,138 79,139 80,140 81,140 82,139 83,139 84,138 83,137 84,136 85,136 86,137 86,138 86,139 86,140
112,47 112,46 112,45 112,44 113,43 113,42 112,41 111,42 110,41 109,40 108,39 107,38 106,37 106,36 105,35 104,34 103,33 103,32 103,31 103,30 103,29 102,28 101,27 100,27 99,28 98,29 97,30 96,31 96,32 95,33 95,34 96,35 97,36 98,37 98,38 99,39 100,40 100,41 100,42 101,43 102,43 103,44 104,45 105,45 106,46 107,47 108,47 109,48 110,48 111,48
177,94 178,95 179,94 178,93
15,59 16,59 17,59 18,58 19,58 20,57 20,56 20,55 19,54 18,53 17,53 16,53 15,52 14,51 13,50 12,50 11,50 10,50 9,51 8,51 7,51 6,50 5,49 4,48 3,48 2,49 1,50 2,51 2,52 3,53 4,54 5,55 6,56 7,56 8,57 8,58 8,59 8,60 9,61 9,62 10,63 11,63 12,62 13,62 14,61 13,60 14,59
246,39 247,39 248,40 249,39 249,38 249,37 249,36 249,35 249,34 248,33 247,33 246,33 245,34 244,35 243,36 243,37 244,38 245,39
67,55 68,55 69,56 69,57 69,58 69,59 69,60 68,61 67,61 66,61 65,60 64,59 64,58 64,57 65,56 66,55
203,133 202,134 201,134 200,134 199,133 198,132 199,131 200,131 201,130 202,130 203,130 204,131 204,132
70,139 69,139 68,138 68,137 68,136 69,135 70,134 71,134 72,135 73,136 73,137 73,138 72,139 71,140
149,185 150,186 151,185 150,184
60,104 60,105 61,106 62,106 63,107 64,107 65,108 65,109 65,110 65,111 66,112 67,113 68,113 69,112 69,111 70,110 70,109 70,108 69,107 68,106 67,105 67,104 67,103 66,102 65,101 64,100 63,100 62,100 61,101 60,102 60,103
196,188 197,188 198,188 199,189 199,190 200,191 200,192 201,193 201,194 201,195 200,196 199,196 198,195 197,195 196,194 195,194 194,194 193,195 192,195 191,195 190,195 189,195 188,194 188,193 187,192 188,191 189,190 189,189 190,188 191,189 192,188 193,189 194,188 195,188
138,246 138,245 138,244 138,243 138,242 138,241 138,240 139,239 140,239 141,238 142,239 142,240 142,241 142,242 141,243 141,244 142,245 143,246 143,247 143,248 142,249 141,249 140,249 139,249 138,249 137,248 137,247
173,138 173,137 173,136 172,135 171,134 170,134 169,134 168,135 167,136 166,137 167,138 168,138 169,139 169,140 170,141 169,142 168,143 167,143 166,143 165,143 164,144 164,145 164,146 165,147 166,148 167,148 168,149 169,149 170,148 171,148 172,147 173,148 174,147 175,146 176,145 176,144 177,143 177,142 176,141 175,140 174,139
84,207 85,207 86,207 87,207 88,208 89,209 89,210 90,211 90,212 89,213 88,213 87,213 86,213 85,214 84,213 83,212 82,211 81,210 81,209 81,208 82,207 83,207
199,236 199,235 199,234 200,233 201,232 202,232 203,231 204,232 204,233 204,234 204,235 203,236 202,236 201,237 200,237
72,97 71,97 70,98 69,99 69,100 69,101 70,102 71,102 72,102 73,102 74,101 75,100 74,99 73,98
79,146 79,145 79,144 78,143 77,142 76,141 75,142 74,143 73,143 72,144 71,145 70,145 69,146 69,147 69,148 70,149 71,149 72,149 73,149 74,149 75,149 76,148 77,148 78,147
12,132 13,132 14,132 15,133 16,133 17,132 18,131 19,130 20,129 21,128 22,127 23,126 24,125 24,124 24,123 24,122 23,121 22,121 21,120 20,119 19,119 18,118 17,118 16,119 17,120 17,121 17,122 18,123 18,124 17,125 17,126 16,127 15,127 14,127 13,126 12,126 11,126 10,125 10,124 10,123 10,122 10,121 10,120 9,119 9,118 8,117 7,116 6,116 5,117 4,118 4,119 4,120 4,121 5,122 5,123 5,124 4,125 5,126 6,126 7,127 8,127 9,128 9,129 9,130 10,131 11,132
203,218 203,217 202,216 201,215 200,214 199,215 198,216 197,217 197,218 198,219 199,219 200,219 201,219 202,219
73,217 74,217 75,218 76,218 77,219 77,220 76,221 75,222 74,222 73,222 72,222 71,221 70,220 70,219 71,218 72,217
142,151 142,152 142,153 142,154 141,155 140,156 139,156 138,156 137,156 136,155 135,154 135,153 136,152 137,151 138,150 139,149 140,148 141,148 142,149 142,150
