14,23 14,24 14,25 13,26 12,27 11,27 10,27 9,27 8,28 7,28 6,28 5,27 4,26 4,25 5,24 6,23 7,22 8,21 9,21 10,20 11,20 12,20 13,20 14,21 14,22
11,10 12,11 13,10 12,9
0,49 0,50 0,51 1,52 2,51 3,50 3,49 2,48 1,47 0,48
9,96 10,97 11,96 10,95
72,71 73,72 74,73 75,73 76,72 77,71 78,71 79,70 80,70 81,71 82,71 83,72 83,73 82,74 82,75 81,76 80,77 79,78 78,79 77,80 76,80 75,81 74,80 73,80 72,80 71,80 70,79 69,79 68,79 67,78 66,77 66,76 66,75 67,74 66,73 66,72 67,71 66,70 66,69 65,68 65,67 66,66 66,65 67,64 68,64 69,64 70,65 71,66 71,67 71,68 71,69 71,70
19,48 19,47 19,46 18,45 17,44 16,44 15,45 14,45 13,46 12,46 11,46 10,46 9,47 8,48 9,49 10,49 11,50 12,50 13,51 14,51 15,52 16,53 16,54 16,55 15,56 15,57 15,58 16,59 16,60 17,61 17,62 18,63 18,64 18,65 18,66 17,67 17,68 18,69 18,70 19,71 20,70 21,69 22,69 23,69 24,68 24,67 23,66 22,65 21,64 21,63 22,62 22,61 23,60 22,59 22,58 21,57 21,56 20,55 19,54 19,53 19,52 20,51 19,50 20,49
12,84 13,85 14,85 15,84 14,83 13,83
61,84 61,85 61,86 61,87 61,88 60,89 59,90 58,90 57,90 56,90 55,89 54,88 53,88 52,89 51,89 50,89 49,89 48,90 47,90 46,90 45,89 44,88 44,87 44,86 43,85 42,86 41,85 41,84 40,83 40,82 40,81 41,80 42,79 43,78 44,79 45,80 45,81 45,82 45,83 45,84 46,85 47,85 48,86 49,86 50,85 51,84 50,83 51,82 52,81 52,80 53,79 54,80 55,81 56,81 57,80 58,79 59,79 60,79 61,80 61,81 61,82 61,83
29,68 28,68 27,69 28,70 29,70 30,69
89,67 89,66 90,65 91,65 92,65 93,65 94,66 94,67 93,68 93,69 92,70 91,71 90,71 89,70 88,69 88,68
16,5 17,6 18,5 17,4
56,41 57,42 58,41 57,40
20,29 20,30 21,31 22,31 23,31 24,31 25,31 26,30 25,29 25,28 25,27 24,26 24,25 25,24 24,23 23,23 22,24 22,25 21,26 21,27 20,28
12,95 13,96 14,96 15,96 16,97 16,98 17,99 18,99 19,99 20,98 20,97 19,96 18,95 18,94 18,93 17,92 16,91 15,90 14,90 13,90 12,91 12,92 11,93 11,94
58,94 57,94 56,94 55,95 54,96 54,97 53,98 54,99 55,99 56,99 57,99 58,99 59,98 59,97 59,96 59,95
61,51 62,51 63,51 64,52 64,53 65,54 65,55 65,56 64,57 64,58 64,59 63,60 62,61 61,60 60,59 59,58 58,57 58,56 57,55 57,54 58,53 58,52 57,51 56,50 55,49 55,48 55,47 56,46 57,45 58,45 59,45 60,46 60,47 60,48 60,49 60,50
76,60 77,60 78,59 79,58 80,57 80,56 81,55 82,55 83,55 84,56 85,57 84,58 84,59 84,60 83,61 83,62 82,63 81,64 80,64 79,64 78,65 77,65 76,65 75,65 74,65 73,64 72,63 72,62 71,61 72,60 73,60 74,60 75,60
44,48 44,49 43,50 42,50 41,50 40,49 39,49 38,48 37,47 38,46 39,46 40,45 41,45 42,45 43,46 44,47
21,88 20,89 20,90 20,91 21,92 22,93 23,94 24,94 25,94 26,94 27,93 28,92 29,91 29,90 30,89 31,88 32,87 33,86 33,85 33,84 32,83 31,83 30,83 29,83 28,84 28,85 27,86 26,86 25,85 24,84 24,83 23,82 22,82 21,83 20,84 20,85 20,86 20,87
94,86 94,87 93,88 92,89 91,89 90,89 89,89 88,89 87,88 87,87 88,86 89,85 90,85 91,84 92,83 92,82 91,81 91,80 90,79 89,79 88,79 87,80 86,79 86,78 85,77 84,76 85,75 86,75 87,74 88,73 89,73 90,73 91,73 92,72 93,72 94,72 95,72 96,72 97,72 98,72 99,73 99,74 99,75 98,76 97,77 97,78 97,79 97,80 98,81 97,82 97,83 96,84 95,84 94,85
86,38 87,39 87,40 88,41 89,42 90,42 91,41 92,40 93,39 93,38 93,37 92,36 91,35 90,35 89,35 88,36 87,37
28,75 29,76 30,75 29,74
67,10 67,11 67,12 67,13 68,14 69,15 70,15 71,14 72,13 73,12 74,11 75,12 76,13 77,14 78,14 79,14 80,14 81,15 82,14 82,13 81,12 80,11 79,10 78,9 77,9 76,9 75,9 74,8 74,7 74,6 75,5 76,4 77,4 78,3 79,2 80,1 79,0 78,0 77,0 76,0 75,0 74,0 73,0 72,0 71,0 70,0 69,0 68,0 67,0 66,0 65,0 64,0 63,0 62,0 61,0 60,1 61,2 62,3 63,3 64,3 65,4 65,5 65,6 66,7 66,8 67,9
5,0 6,0 7,0 8,0 9,1 8,2 9,3 8,4 9,5 9,6 8,7 7,7 6,7 5,6 4,7 4,8 4,9 4,10 3,11 3,12 3,13 2,14 2,15 1,16 0,15 0,14 0,13 0,12 0,11 0,10 0,9 0,8 0,7 0,6 0,5 0,4 0,3 0,2 0,1 1,0 2,0 3,0 4,0
37,44 38,45 39,44 38,43
43,68 43,67 43,66 44,65 45,64 46,64 47,64 48,64 49,65 49,66 49,67 50,68 50,69 50,70 49,71 50,72 49,73 50,74 51,74 52,75 53,75 54,75 55,74 55,73 56,72 56,71 57,70 58,71 58,72 59,73 59,74 59,75 59,76 58,77 57,77 56,77 55,77 54,78 53,79 52,80 51,80 50,80 49,79 48,79 47,78 46,77 45,76 45,75 44,74 44,73 44,72 44,71 44,70 44,69
71,48 72,48 73,47 74,46 74,45 74,44 73,43 72,42 71,41 70,42 69,43 68,43 67,44 67,45 67,46 66,47 66,48 66,49 66,50 67,51 68,51 69,50 70,49
68,86 69,87 70,86 69,85
48,20 49,21 48,22 47,22 46,21 46,20 47,19
50,21 51,21 52,21 53,21 54,21 55,21 56,22 56,23 56,24 57,25 58,25 59,26 60,27 60,28 60,29 60,30 59,31 59,32 58,33 58,34 58,35 57,36 56,36 55,36 54,36 53,36 52,36 51,35 51,34 51,33 52,32 53,31 54,30 55,29 55,28 55,27 54,26 53,26 52,26 51,26 50,25 49,24 49,23 48,22 49,21
34,31 34,30 34,29 34,28 34,27 34,26 34,25 34,24 35,23 35,22 35,21 35,20 35,19 35,18 34,17 33,16 32,16 31,15 31,14 31,13 31,12 30,11 29,10 29,9 28,8 27,7 26,6 27,5 28,4 29,3 30,2 30,1 31,0 32,0 33,0 34,0 35,0 36,0 37,0 38,1 37,2 36,2 35,2 34,3 33,4 33,5 33,6 33,7 33,8 34,9 35,10 36,10 37,11 38,12 38,13 38,14 38,15 38,16 38,17 39,18 39,19 39,20 40,21 41,22 40,23 40,24 40,25 39,26 39,27 39,28 39,29 39,30 38,31 37,31 36,32 35,32
89,58 90,59 91,58 90,57
10,9 9,9 8,10 7,11 7,12 7,13 8,14 9,15 10,16 11,15 12,14 13,13 12,12 12,11 11,10
20,39 20,38 19,37 18,36 17,35 16,36 15,37 14,37 13,38 12,39 12,40 13,41 14,42 15,43 16,44 17,44 18,43 19,42 19,41 19,40
23,47 23,48 23,49 23,50 23,51 24,52 25,52 26,53 27,53 28,54 29,54 30,53 31,52 32,51 32,50 33,49 34,48 35,48 36,48 37,47 38,46 38,45 37,44 37,43 37,42 36,41 35,40 34,40 33,40 32,41 31,42 30,43 29,44 28,43 27,43 26,44 25,44 24,45 24,46
7,89 8,89 9,88 10,88 11,88 12,87 12,86 12,85 11,84 10,83 9,83 8,82 7,83 6,83 5,84 4,84 3,83 2,82 1,82 0,83 0,84 0,85 1,86 2,87 3,88 4,89 5,89 6,89
3,95 3,94 4,93 4,92 4,91 4,90 4,89 3,88 2,89 1,90 0,91 0,92 0,93 0,94 0,95 0,96 0,97 0,98 1,99 2,98 2,97 2,96
0,74 0,75 0,76 1,77 2,77 3,77 4,77 5,77 6,77 7,76 7,75 6,74 5,73 4,73 3,72 2,72 1,72 0,73
99,90 99,91 99,92 98,93 97,93 96,93 95,92 94,91 94,90 95,89 96,88 97,88 98,88 99,89
43,95 44,96 45,95 44,94
33,34 33,35 33,36 32,37 31,38 30,39 29,39 28,40 27,39 26,40 25,39 25,38 25,37 25,36 25,35 26,34 25,33 26,32 27,31 28,31 29,31 30,30 31,31 32,32 33,33
9,76 8,76 7,75 7,74 8,73 9,72 10,72 11,73 12,73 13,74 14,75 13,76 12,77 11,78 10,77
98,0 97,0 96,0 95,1 96,2 97,3 98,4 99,3 99,2 99,1
64,29 65,30 65,31 66,32 67,33 68,33 69,33 70,34 71,35 72,35 73,34 73,33 74,32 75,32 76,31 77,30 78,29 78,28 78,27 77,26 76,25 75,24 74,24 73,25 73,26 73,27 73,28 73,29 72,30 71,31 70,31 69,30 69,29 68,28 68,27 67,26 67,25 66,24 66,23 66,22 66,21 65,20 64,19 63,19 62,19 61,20 61,21 61,22 61,23 61,24 62,25 63,26 64,27 63,28
19,15 20,16 21,15 20,14
31,99 32,99 33,99 34,98 34,97 33,96 32,96 31,95 30,95 29,95 28,96 28,97 28,98 29,99 30,99
23,19 24,20 25,21 26,21 27,20 28,19 28,18 29,17 29,16 29,15 28,14 27,14 26,14 25,14 24,15 23,15 22,16 22,17 22,18
92,22 92,23 91,24 90,25 89,25 88,25 87,25 86,24 85,24 84,24 83,23 82,22 81,21 81,20 82,19 83,18 84,18 85,18 86,18 87,18 88,18 89,18 90,19 91,20 92,21
41,56 40,57 39,58 39,59 40,60 41,61 42,60 42,59 43,58 43,57 43,56 42,55
96,24 96,25 95,26 96,27 97,28 98,28 99,27 99,26 99,25 99,24 99,23 99,22 98,21 97,22 97,23
